<?xml version="1.0" encoding="UTF-8"?>
<coverage generated="1778535736819" clover="3.2.0">
  <project timestamp="1778535736819" name="All files">
    <metrics statements="75" coveredstatements="65" conditionals="32" coveredconditionals="28" methods="25" coveredmethods="21" elements="132" coveredelements="114" complexity="0" loc="75" ncloc="75" packages="20" files="30" classes="30"/>
    <package name="src">
      <metrics statements="4" coveredstatements="0" conditionals="2" coveredconditionals="0" methods="0" coveredmethods="0"/>
      <file name="main.tsx" path="C:\Users\1\REACT-RSSCHOOL_STUDY\projects\unit-testing\rss-react\src\main.tsx">
        <metrics statements="4" coveredstatements="0" conditionals="2" coveredconditionals="0" methods="0" coveredmethods="0"/>
        <line num="7" count="0" type="stmt"/>
        <line num="9" count="0" type="cond" truecount="0" falsecount="2"/>
        <line num="10" count="0" type="stmt"/>
        <line num="13" count="0" type="stmt"/>
      </file>
    </package>
    <package name="src.__test__">
      <metrics statements="2" coveredstatements="1" conditionals="2" coveredconditionals="1" methods="2" coveredmethods="1"/>
      <file name="MockCharacter.tsx" path="C:\Users\1\REACT-RSSCHOOL_STUDY\projects\unit-testing\rss-react\src\__test__\MockCharacter.tsx">
        <metrics statements="1" coveredstatements="0" conditionals="1" coveredconditionals="0" methods="1" coveredmethods="0"/>
        <line num="3" count="0" type="cond" truecount="0" falsecount="1"/>
      </file>
      <file name="mockCharacter.tsx" path="C:\Users\1\REACT-RSSCHOOL_STUDY\projects\unit-testing\rss-react\src\__test__\mockCharacter.tsx">
        <metrics statements="1" coveredstatements="1" conditionals="1" coveredconditionals="1" methods="1" coveredmethods="1"/>
        <line num="3" count="2" type="cond" truecount="1" falsecount="0"/>
      </file>
    </package>
    <package name="src.app.providers.error-boundary">
      <metrics statements="6" coveredstatements="6" conditionals="2" coveredconditionals="2" methods="3" coveredmethods="3"/>
      <file name="ErrorBoundary.tsx" path="C:\Users\1\REACT-RSSCHOOL_STUDY\projects\unit-testing\rss-react\src\app\providers\error-boundary\ErrorBoundary.tsx">
        <metrics statements="6" coveredstatements="6" conditionals="2" coveredconditionals="2" methods="3" coveredmethods="3"/>
        <line num="13" count="1" type="stmt"/>
        <line num="16" count="2" type="stmt"/>
        <line num="20" count="1" type="stmt"/>
        <line num="24" count="3" type="cond" truecount="2" falsecount="0"/>
        <line num="25" count="2" type="stmt"/>
        <line num="28" count="1" type="stmt"/>
      </file>
      <file name="index.ts" path="C:\Users\1\REACT-RSSCHOOL_STUDY\projects\unit-testing\rss-react\src\app\providers\error-boundary\index.ts">
        <metrics statements="0" coveredstatements="0" conditionals="0" coveredconditionals="0" methods="0" coveredmethods="0"/>
      </file>
    </package>
    <package name="src.entities.character">
      <metrics statements="0" coveredstatements="0" conditionals="0" coveredconditionals="0" methods="0" coveredmethods="0"/>
      <file name="index.ts" path="C:\Users\1\REACT-RSSCHOOL_STUDY\projects\unit-testing\rss-react\src\entities\character\index.ts">
        <metrics statements="0" coveredstatements="0" conditionals="0" coveredconditionals="0" methods="0" coveredmethods="0"/>
      </file>
    </package>
    <package name="src.entities.character.api">
      <metrics statements="9" coveredstatements="9" conditionals="6" coveredconditionals="6" methods="1" coveredmethods="1"/>
      <file name="GetCharacters.ts" path="C:\Users\1\REACT-RSSCHOOL_STUDY\projects\unit-testing\rss-react\src\entities\character\api\GetCharacters.ts">
        <metrics statements="9" coveredstatements="9" conditionals="6" coveredconditionals="6" methods="1" coveredmethods="1"/>
        <line num="3" count="3" type="stmt"/>
        <line num="9" count="3" type="stmt"/>
        <line num="10" count="3" type="stmt"/>
        <line num="12" count="3" type="cond" truecount="2" falsecount="0"/>
        <line num="13" count="1" type="stmt"/>
        <line num="16" count="2" type="cond" truecount="2" falsecount="0"/>
        <line num="17" count="1" type="stmt"/>
        <line num="20" count="1" type="stmt"/>
        <line num="22" count="1" type="stmt"/>
      </file>
    </package>
    <package name="src.entities.character.lib">
      <metrics statements="1" coveredstatements="0" conditionals="0" coveredconditionals="0" methods="1" coveredmethods="0"/>
      <file name="MapCharacterToViewModel..ts" path="C:\Users\1\REACT-RSSCHOOL_STUDY\projects\unit-testing\rss-react\src\entities\character\lib\MapCharacterToViewModel..ts">
        <metrics statements="1" coveredstatements="0" conditionals="0" coveredconditionals="0" methods="1" coveredmethods="0"/>
        <line num="7" count="0" type="stmt"/>
      </file>
      <file name="types.ts" path="C:\Users\1\REACT-RSSCHOOL_STUDY\projects\unit-testing\rss-react\src\entities\character\lib\types.ts">
        <metrics statements="0" coveredstatements="0" conditionals="0" coveredconditionals="0" methods="0" coveredmethods="0"/>
      </file>
    </package>
    <package name="src.entities.character.model">
      <metrics statements="0" coveredstatements="0" conditionals="0" coveredconditionals="0" methods="0" coveredmethods="0"/>
      <file name="types.ts" path="C:\Users\1\REACT-RSSCHOOL_STUDY\projects\unit-testing\rss-react\src\entities\character\model\types.ts">
        <metrics statements="0" coveredstatements="0" conditionals="0" coveredconditionals="0" methods="0" coveredmethods="0"/>
      </file>
    </package>
    <package name="src.entities.character.ui">
      <metrics statements="3" coveredstatements="3" conditionals="0" coveredconditionals="0" methods="3" coveredmethods="3"/>
      <file name="ResultItem.tsx" path="C:\Users\1\REACT-RSSCHOOL_STUDY\projects\unit-testing\rss-react\src\entities\character\ui\ResultItem.tsx">
        <metrics statements="1" coveredstatements="1" conditionals="0" coveredconditionals="0" methods="1" coveredmethods="1"/>
        <line num="8" count="4" type="stmt"/>
      </file>
      <file name="ResultList.tsx" path="C:\Users\1\REACT-RSSCHOOL_STUDY\projects\unit-testing\rss-react\src\entities\character\ui\ResultList.tsx">
        <metrics statements="2" coveredstatements="2" conditionals="0" coveredconditionals="0" methods="2" coveredmethods="2"/>
        <line num="12" count="10" type="stmt"/>
        <line num="15" count="3" type="stmt"/>
      </file>
      <file name="index.ts" path="C:\Users\1\REACT-RSSCHOOL_STUDY\projects\unit-testing\rss-react\src\entities\character\ui\index.ts">
        <metrics statements="0" coveredstatements="0" conditionals="0" coveredconditionals="0" methods="0" coveredmethods="0"/>
      </file>
    </package>
    <package name="src.features.error-view-toggle">
      <metrics statements="0" coveredstatements="0" conditionals="0" coveredconditionals="0" methods="0" coveredmethods="0"/>
      <file name="index.ts" path="C:\Users\1\REACT-RSSCHOOL_STUDY\projects\unit-testing\rss-react\src\features\error-view-toggle\index.ts">
        <metrics statements="0" coveredstatements="0" conditionals="0" coveredconditionals="0" methods="0" coveredmethods="0"/>
      </file>
    </package>
    <package name="src.features.error-view-toggle.ui">
      <metrics statements="1" coveredstatements="1" conditionals="0" coveredconditionals="0" methods="1" coveredmethods="1"/>
      <file name="ErrorViewButton.tsx" path="C:\Users\1\REACT-RSSCHOOL_STUDY\projects\unit-testing\rss-react\src\features\error-view-toggle\ui\ErrorViewButton.tsx">
        <metrics statements="1" coveredstatements="1" conditionals="0" coveredconditionals="0" methods="1" coveredmethods="1"/>
        <line num="10" count="27" type="stmt"/>
      </file>
    </package>
    <package name="src.features.search-character">
      <metrics statements="0" coveredstatements="0" conditionals="0" coveredconditionals="0" methods="0" coveredmethods="0"/>
      <file name="index.tsx" path="C:\Users\1\REACT-RSSCHOOL_STUDY\projects\unit-testing\rss-react\src\features\search-character\index.tsx">
        <metrics statements="0" coveredstatements="0" conditionals="0" coveredconditionals="0" methods="0" coveredmethods="0"/>
      </file>
    </package>
    <package name="src.features.search-character.lib">
      <metrics statements="9" coveredstatements="8" conditionals="6" coveredconditionals="5" methods="1" coveredmethods="1"/>
      <file name="MapResultToState.ts" path="C:\Users\1\REACT-RSSCHOOL_STUDY\projects\unit-testing\rss-react\src\features\search-character\lib\MapResultToState.ts">
        <metrics statements="9" coveredstatements="8" conditionals="6" coveredconditionals="5" methods="1" coveredmethods="1"/>
        <line num="3" count="4" type="stmt"/>
        <line num="9" count="10" type="stmt"/>
        <line num="13" count="10" type="cond" truecount="2" falsecount="0"/>
        <line num="14" count="6" type="stmt"/>
        <line num="21" count="4" type="cond" truecount="2" falsecount="0"/>
        <line num="22" count="2" type="stmt"/>
        <line num="29" count="2" type="cond" truecount="1" falsecount="1"/>
        <line num="30" count="2" type="stmt"/>
        <line num="37" count="0" type="stmt"/>
      </file>
    </package>
    <package name="src.features.search-character.model">
      <metrics statements="16" coveredstatements="15" conditionals="8" coveredconditionals="8" methods="2" coveredmethods="2"/>
      <file name="SearchCharacter.ts" path="C:\Users\1\REACT-RSSCHOOL_STUDY\projects\unit-testing\rss-react\src\features\search-character\model\SearchCharacter.ts">
        <metrics statements="16" coveredstatements="15" conditionals="8" coveredconditionals="8" methods="2" coveredmethods="2"/>
        <line num="4" count="4" type="stmt"/>
        <line num="6" count="4" type="stmt"/>
        <line num="7" count="4" type="stmt"/>
        <line num="9" count="4" type="stmt"/>
        <line num="11" count="3" type="cond" truecount="2" falsecount="0"/>
        <line num="15" count="6" type="cond" truecount="4" falsecount="0"/>
        <line num="16" count="1" type="stmt"/>
        <line num="19" count="5" type="stmt"/>
        <line num="21" count="5" type="stmt"/>
        <line num="23" count="5" type="stmt"/>
        <line num="24" count="5" type="stmt"/>
        <line num="26" count="5" type="cond" truecount="2" falsecount="0"/>
        <line num="27" count="4" type="stmt"/>
        <line num="30" count="1" type="stmt"/>
        <line num="32" count="1" type="stmt"/>
        <line num="34" count="0" type="stmt"/>
      </file>
      <file name="types.ts" path="C:\Users\1\REACT-RSSCHOOL_STUDY\projects\unit-testing\rss-react\src\features\search-character\model\types.ts">
        <metrics statements="0" coveredstatements="0" conditionals="0" coveredconditionals="0" methods="0" coveredmethods="0"/>
      </file>
    </package>
    <package name="src.features.search-character.ui">
      <metrics statements="6" coveredstatements="6" conditionals="4" coveredconditionals="4" methods="2" coveredmethods="2"/>
      <file name="SearchBar.tsx" path="C:\Users\1\REACT-RSSCHOOL_STUDY\projects\unit-testing\rss-react\src\features\search-character\ui\SearchBar.tsx">
        <metrics statements="1" coveredstatements="1" conditionals="0" coveredconditionals="0" methods="1" coveredmethods="1"/>
        <line num="13" count="30" type="stmt"/>
      </file>
      <file name="SearchContent.tsx" path="C:\Users\1\REACT-RSSCHOOL_STUDY\projects\unit-testing\rss-react\src\features\search-character\ui\SearchContent.tsx">
        <metrics statements="5" coveredstatements="5" conditionals="4" coveredconditionals="4" methods="1" coveredmethods="1"/>
        <line num="14" count="27" type="cond" truecount="2" falsecount="0"/>
        <line num="15" count="9" type="stmt"/>
        <line num="18" count="18" type="cond" truecount="2" falsecount="0"/>
        <line num="19" count="9" type="stmt"/>
        <line num="22" count="9" type="stmt"/>
      </file>
      <file name="index.tsx" path="C:\Users\1\REACT-RSSCHOOL_STUDY\projects\unit-testing\rss-react\src\features\search-character\ui\index.tsx">
        <metrics statements="0" coveredstatements="0" conditionals="0" coveredconditionals="0" methods="0" coveredmethods="0"/>
      </file>
    </package>
    <package name="src.pages.search-page">
      <metrics statements="0" coveredstatements="0" conditionals="0" coveredconditionals="0" methods="0" coveredmethods="0"/>
      <file name="index.tsx" path="C:\Users\1\REACT-RSSCHOOL_STUDY\projects\unit-testing\rss-react\src\pages\search-page\index.tsx">
        <metrics statements="0" coveredstatements="0" conditionals="0" coveredconditionals="0" methods="0" coveredmethods="0"/>
      </file>
    </package>
    <package name="src.pages.search-page.ui">
      <metrics statements="1" coveredstatements="0" conditionals="0" coveredconditionals="0" methods="1" coveredmethods="0"/>
      <file name="SearchPage.tsx" path="C:\Users\1\REACT-RSSCHOOL_STUDY\projects\unit-testing\rss-react\src\pages\search-page\ui\SearchPage.tsx">
        <metrics statements="1" coveredstatements="0" conditionals="0" coveredconditionals="0" methods="1" coveredmethods="0"/>
        <line num="4" count="0" type="stmt"/>
      </file>
    </package>
    <package name="src.shared.ui.error-component">
      <metrics statements="2" coveredstatements="1" conditionals="0" coveredconditionals="0" methods="2" coveredmethods="1"/>
      <file name="ErrorComponent.tsx" path="C:\Users\1\REACT-RSSCHOOL_STUDY\projects\unit-testing\rss-react\src\shared\ui\error-component\ErrorComponent.tsx">
        <metrics statements="2" coveredstatements="1" conditionals="0" coveredconditionals="0" methods="2" coveredmethods="1"/>
        <line num="6" count="2" type="stmt"/>
        <line num="11" count="0" type="stmt"/>
      </file>
      <file name="index.ts" path="C:\Users\1\REACT-RSSCHOOL_STUDY\projects\unit-testing\rss-react\src\shared\ui\error-component\index.ts">
        <metrics statements="0" coveredstatements="0" conditionals="0" coveredconditionals="0" methods="0" coveredmethods="0"/>
      </file>
    </package>
    <package name="src.shared.ui.spinner">
      <metrics statements="1" coveredstatements="1" conditionals="0" coveredconditionals="0" methods="1" coveredmethods="1"/>
      <file name="LoadingSpinner.tsx" path="C:\Users\1\REACT-RSSCHOOL_STUDY\projects\unit-testing\rss-react\src\shared\ui\spinner\LoadingSpinner.tsx">
        <metrics statements="1" coveredstatements="1" conditionals="0" coveredconditionals="0" methods="1" coveredmethods="1"/>
        <line num="6" count="10" type="stmt"/>
      </file>
      <file name="index.ts" path="C:\Users\1\REACT-RSSCHOOL_STUDY\projects\unit-testing\rss-react\src\shared\ui\spinner\index.ts">
        <metrics statements="0" coveredstatements="0" conditionals="0" coveredconditionals="0" methods="0" coveredmethods="0"/>
      </file>
    </package>
    <package name="src.widgets.search-character">
      <metrics statements="0" coveredstatements="0" conditionals="0" coveredconditionals="0" methods="0" coveredmethods="0"/>
      <file name="index.tsx" path="C:\Users\1\REACT-RSSCHOOL_STUDY\projects\unit-testing\rss-react\src\widgets\search-character\index.tsx">
        <metrics statements="0" coveredstatements="0" conditionals="0" coveredconditionals="0" methods="0" coveredmethods="0"/>
      </file>
    </package>
    <package name="src.widgets.search-character.ui">
      <metrics statements="14" coveredstatements="14" conditionals="2" coveredconditionals="2" methods="5" coveredmethods="5"/>
      <file name="SearchCharacterWidget.tsx" path="C:\Users\1\REACT-RSSCHOOL_STUDY\projects\unit-testing\rss-react\src\widgets\search-character\ui\SearchCharacterWidget.tsx">
        <metrics statements="14" coveredstatements="14" conditionals="2" coveredconditionals="2" methods="5" coveredmethods="5"/>
        <line num="20" count="8" type="stmt"/>
        <line num="29" count="8" type="stmt"/>
        <line num="32" count="5" type="stmt"/>
        <line num="33" count="5" type="stmt"/>
        <line num="36" count="9" type="stmt"/>
        <line num="37" count="9" type="stmt"/>
        <line num="39" count="9" type="stmt"/>
        <line num="41" count="9" type="stmt"/>
        <line num="43" count="7" type="stmt"/>
        <line num="46" count="1" type="stmt"/>
        <line num="47" count="1" type="stmt"/>
        <line num="51" count="29" type="cond" truecount="2" falsecount="0"/>
        <line num="52" count="2" type="stmt"/>
        <line num="55" count="27" type="stmt"/>
      </file>
    </package>
  </project>
</coverage>
