{"C:\\Users\\1\\REACT-RSSCHOOL_STUDY\\projects\\hooks-and-routing\\rss-react\\src\\main.tsx": {"path":"C:\\Users\\1\\REACT-RSSCHOOL_STUDY\\projects\\hooks-and-routing\\rss-react\\src\\main.tsx","statementMap":{"0":{"start":{"line":7,"column":13},"end":{"line":7,"column":44}},"1":{"start":{"line":9,"column":0},"end":{"line":10,"column":null}},"2":{"start":{"line":10,"column":2},"end":{"line":10,"column":null}},"3":{"start":{"line":13,"column":0},"end":{"line":19,"column":null}}},"fnMap":{},"branchMap":{"0":{"loc":{"start":{"line":9,"column":0},"end":{"line":10,"column":null}},"type":"if","locations":[{"start":{"line":9,"column":0},"end":{"line":10,"column":null}},{"start":{},"end":{}}],"line":9}},"s":{"0":0,"1":0,"2":0,"3":0},"f":{},"b":{"0":[0,0]},"meta":{"lastBranch":1,"lastFunction":0,"lastStatement":4,"seen":{"s:7:13:7:44":0,"b:9:0:10:Infinity:undefined:undefined:undefined:undefined":0,"s:9:0:10:Infinity":1,"s:10:2:10:Infinity":2,"s:13:0:19:Infinity":3}}}
,"C:\\Users\\1\\REACT-RSSCHOOL_STUDY\\projects\\hooks-and-routing\\rss-react\\src\\__test__\\MockCharacter.tsx": {"path":"C:\\Users\\1\\REACT-RSSCHOOL_STUDY\\projects\\hooks-and-routing\\rss-react\\src\\__test__\\MockCharacter.tsx","statementMap":{"0":{"start":{"line":3,"column":6},"end":{"line":17,"column":null}},"1":{"start":{"line":3,"column":54},"end":{"line":17,"column":null}}},"fnMap":{"0":{"name":"(anonymous_0)","decl":{"start":{"line":3,"column":6},"end":{"line":3,"column":23}},"loc":{"start":{"line":3,"column":54},"end":{"line":17,"column":null}},"line":3}},"branchMap":{"0":{"loc":{"start":{"line":3,"column":23},"end":{"line":3,"column":37}},"type":"default-arg","locations":[{"start":{"line":3,"column":35},"end":{"line":3,"column":37}}],"line":3}},"s":{"0":2,"1":2},"f":{"0":2},"b":{"0":[2]},"meta":{"lastBranch":1,"lastFunction":1,"lastStatement":2,"seen":{"s:3:6:17:Infinity":0,"f:3:6:3:23":0,"s:3:54:17:Infinity":1,"b:3:35:3:37":0}}}
,"C:\\Users\\1\\REACT-RSSCHOOL_STUDY\\projects\\hooks-and-routing\\rss-react\\src\\app\\providers\\error-boundary\\ErrorBoundary.tsx": {"path":"C:\\Users\\1\\REACT-RSSCHOOL_STUDY\\projects\\hooks-and-routing\\rss-react\\src\\app\\providers\\error-boundary\\ErrorBoundary.tsx","statementMap":{"0":{"start":{"line":13,"column":17},"end":{"line":13,"column":36}},"1":{"start":{"line":16,"column":4},"end":{"line":16,"column":null}},"2":{"start":{"line":20,"column":4},"end":{"line":20,"column":null}},"3":{"start":{"line":24,"column":4},"end":{"line":25,"column":null}},"4":{"start":{"line":25,"column":6},"end":{"line":25,"column":null}},"5":{"start":{"line":28,"column":4},"end":{"line":28,"column":null}}},"fnMap":{"0":{"name":"(anonymous_0)","decl":{"start":{"line":15,"column":9},"end":{"line":15,"column":36}},"loc":{"start":{"line":15,"column":36},"end":{"line":16,"column":null}},"line":15},"1":{"name":"(anonymous_1)","decl":{"start":{"line":19,"column":2},"end":{"line":19,"column":20}},"loc":{"start":{"line":19,"column":34},"end":{"line":20,"column":null}},"line":19},"2":{"name":"(anonymous_2)","decl":{"start":{"line":23,"column":2},"end":{"line":23,"column":11}},"loc":{"start":{"line":23,"column":11},"end":{"line":28,"column":null}},"line":23}},"branchMap":{"0":{"loc":{"start":{"line":24,"column":4},"end":{"line":25,"column":null}},"type":"if","locations":[{"start":{"line":24,"column":4},"end":{"line":25,"column":null}},{"start":{},"end":{}}],"line":24}},"s":{"0":1,"1":2,"2":1,"3":3,"4":2,"5":1},"f":{"0":1,"1":1,"2":3},"b":{"0":[2,1]},"meta":{"lastBranch":1,"lastFunction":3,"lastStatement":6,"seen":{"s:13:17:13:36":0,"f:15:9:15:36":0,"s:16:4:16:Infinity":1,"f:19:2:19:20":1,"s:20:4:20:Infinity":2,"f:23:2:23:11":2,"b:24:4:25:Infinity:undefined:undefined:undefined:undefined":0,"s:24:4:25:Infinity":3,"s:25:6:25:Infinity":4,"s:28:4:28:Infinity":5}}}
,"C:\\Users\\1\\REACT-RSSCHOOL_STUDY\\projects\\hooks-and-routing\\rss-react\\src\\app\\providers\\error-boundary\\index.ts": {"path":"C:\\Users\\1\\REACT-RSSCHOOL_STUDY\\projects\\hooks-and-routing\\rss-react\\src\\app\\providers\\error-boundary\\index.ts","statementMap":{},"fnMap":{},"branchMap":{},"s":{},"f":{},"b":{},"meta":{"lastBranch":0,"lastFunction":0,"lastStatement":0,"seen":{}}}
,"C:\\Users\\1\\REACT-RSSCHOOL_STUDY\\projects\\hooks-and-routing\\rss-react\\src\\app\\routes\\route.tsx": {"path":"C:\\Users\\1\\REACT-RSSCHOOL_STUDY\\projects\\hooks-and-routing\\rss-react\\src\\app\\routes\\route.tsx","statementMap":{"0":{"start":{"line":7,"column":2},"end":{"line":16,"column":null}}},"fnMap":{"0":{"name":"Router","decl":{"start":{"line":6,"column":16},"end":{"line":6,"column":25}},"loc":{"start":{"line":6,"column":25},"end":{"line":16,"column":null}},"line":6}},"branchMap":{},"s":{"0":0},"f":{"0":0},"b":{},"meta":{"lastBranch":0,"lastFunction":1,"lastStatement":1,"seen":{"f:6:16:6:25":0,"s:7:2:16:Infinity":0}}}
,"C:\\Users\\1\\REACT-RSSCHOOL_STUDY\\projects\\hooks-and-routing\\rss-react\\src\\entities\\character\\index.ts": {"path":"C:\\Users\\1\\REACT-RSSCHOOL_STUDY\\projects\\hooks-and-routing\\rss-react\\src\\entities\\character\\index.ts","statementMap":{},"fnMap":{},"branchMap":{},"s":{},"f":{},"b":{},"meta":{"lastBranch":0,"lastFunction":0,"lastStatement":0,"seen":{}}}
,"C:\\Users\\1\\REACT-RSSCHOOL_STUDY\\projects\\hooks-and-routing\\rss-react\\src\\entities\\character\\api\\GetCharacters.ts": {"path":"C:\\Users\\1\\REACT-RSSCHOOL_STUDY\\projects\\hooks-and-routing\\rss-react\\src\\entities\\character\\api\\GetCharacters.ts","statementMap":{"0":{"start":{"line":3,"column":24},"end":{"line":3,"column":null}},"1":{"start":{"line":9,"column":14},"end":{"line":9,"column":null}},"2":{"start":{"line":10,"column":19},"end":{"line":10,"column":35}},"3":{"start":{"line":12,"column":2},"end":{"line":13,"column":null}},"4":{"start":{"line":13,"column":4},"end":{"line":13,"column":null}},"5":{"start":{"line":16,"column":2},"end":{"line":17,"column":null}},"6":{"start":{"line":17,"column":4},"end":{"line":17,"column":null}},"7":{"start":{"line":20,"column":28},"end":{"line":20,"column":49}},"8":{"start":{"line":22,"column":2},"end":{"line":22,"column":null}}},"fnMap":{"0":{"name":"getCharacters","decl":{"start":{"line":5,"column":22},"end":{"line":5,"column":null}},"loc":{"start":{"line":8,"column":23},"end":{"line":22,"column":null}},"line":8}},"branchMap":{"0":{"loc":{"start":{"line":6,"column":2},"end":{"line":6,"column":null}},"type":"default-arg","locations":[{"start":{"line":6,"column":17},"end":{"line":6,"column":null}}],"line":6},"1":{"loc":{"start":{"line":7,"column":2},"end":{"line":7,"column":null}},"type":"default-arg","locations":[{"start":{"line":7,"column":9},"end":{"line":7,"column":null}}],"line":7},"2":{"loc":{"start":{"line":12,"column":2},"end":{"line":13,"column":null}},"type":"if","locations":[{"start":{"line":12,"column":2},"end":{"line":13,"column":null}},{"start":{},"end":{}}],"line":12},"3":{"loc":{"start":{"line":16,"column":2},"end":{"line":17,"column":null}},"type":"if","locations":[{"start":{"line":16,"column":2},"end":{"line":17,"column":null}},{"start":{},"end":{}}],"line":16}},"s":{"0":3,"1":3,"2":3,"3":3,"4":1,"5":2,"6":1,"7":1,"8":1},"f":{"0":3},"b":{"0":[3],"1":[3],"2":[1,2],"3":[1,1]},"meta":{"lastBranch":4,"lastFunction":1,"lastStatement":9,"seen":{"s:3:24:3:Infinity":0,"f:5:22:5:Infinity":0,"b:6:17:6:Infinity":0,"b:7:9:7:Infinity":1,"s:9:14:9:Infinity":1,"s:10:19:10:35":2,"b:12:2:13:Infinity:undefined:undefined:undefined:undefined":2,"s:12:2:13:Infinity":3,"s:13:4:13:Infinity":4,"b:16:2:17:Infinity:undefined:undefined:undefined:undefined":3,"s:16:2:17:Infinity":5,"s:17:4:17:Infinity":6,"s:20:28:20:49":7,"s:22:2:22:Infinity":8}}}
,"C:\\Users\\1\\REACT-RSSCHOOL_STUDY\\projects\\hooks-and-routing\\rss-react\\src\\entities\\character\\lib\\MapCharacterToViewModel..ts": {"path":"C:\\Users\\1\\REACT-RSSCHOOL_STUDY\\projects\\hooks-and-routing\\rss-react\\src\\entities\\character\\lib\\MapCharacterToViewModel..ts","statementMap":{"0":{"start":{"line":7,"column":2},"end":{"line":13,"column":null}}},"fnMap":{"0":{"name":"mapCharacterToViewModel","decl":{"start":{"line":4,"column":24},"end":{"line":4,"column":null}},"loc":{"start":{"line":6,"column":17},"end":{"line":13,"column":null}},"line":6}},"branchMap":{},"s":{"0":0},"f":{"0":0},"b":{},"meta":{"lastBranch":0,"lastFunction":1,"lastStatement":1,"seen":{"f:4:24:4:Infinity":0,"s:7:2:13:Infinity":0}}}
,"C:\\Users\\1\\REACT-RSSCHOOL_STUDY\\projects\\hooks-and-routing\\rss-react\\src\\entities\\character\\lib\\types.ts": {"path":"C:\\Users\\1\\REACT-RSSCHOOL_STUDY\\projects\\hooks-and-routing\\rss-react\\src\\entities\\character\\lib\\types.ts","statementMap":{},"fnMap":{},"branchMap":{},"s":{},"f":{},"b":{},"meta":{"lastBranch":0,"lastFunction":0,"lastStatement":0,"seen":{}}}
,"C:\\Users\\1\\REACT-RSSCHOOL_STUDY\\projects\\hooks-and-routing\\rss-react\\src\\entities\\character\\model\\types.ts": {"path":"C:\\Users\\1\\REACT-RSSCHOOL_STUDY\\projects\\hooks-and-routing\\rss-react\\src\\entities\\character\\model\\types.ts","statementMap":{},"fnMap":{},"branchMap":{},"s":{},"f":{},"b":{},"meta":{"lastBranch":0,"lastFunction":0,"lastStatement":0,"seen":{}}}
,"C:\\Users\\1\\REACT-RSSCHOOL_STUDY\\projects\\hooks-and-routing\\rss-react\\src\\entities\\character\\ui\\ResultItem.tsx": {"path":"C:\\Users\\1\\REACT-RSSCHOOL_STUDY\\projects\\hooks-and-routing\\rss-react\\src\\entities\\character\\ui\\ResultItem.tsx","statementMap":{"0":{"start":{"line":8,"column":2},"end":{"line":14,"column":null}}},"fnMap":{"0":{"name":"ResultItem","decl":{"start":{"line":7,"column":24},"end":{"line":7,"column":35}},"loc":{"start":{"line":7,"column":62},"end":{"line":14,"column":null}},"line":7}},"branchMap":{},"s":{"0":4},"f":{"0":4},"b":{},"meta":{"lastBranch":0,"lastFunction":1,"lastStatement":1,"seen":{"f:7:24:7:35":0,"s:8:2:14:Infinity":0}}}
,"C:\\Users\\1\\REACT-RSSCHOOL_STUDY\\projects\\hooks-and-routing\\rss-react\\src\\entities\\character\\ui\\ResultList.tsx": {"path":"C:\\Users\\1\\REACT-RSSCHOOL_STUDY\\projects\\hooks-and-routing\\rss-react\\src\\entities\\character\\ui\\ResultList.tsx","statementMap":{"0":{"start":{"line":10,"column":2},"end":{"line":15,"column":null}},"1":{"start":{"line":13,"column":8},"end":{"line":13,"column":null}}},"fnMap":{"0":{"name":"ResultList","decl":{"start":{"line":9,"column":24},"end":{"line":9,"column":35}},"loc":{"start":{"line":9,"column":62},"end":{"line":15,"column":null}},"line":9},"1":{"name":"(anonymous_1)","decl":{"start":{"line":12,"column":22},"end":{"line":12,"column":27}},"loc":{"start":{"line":13,"column":8},"end":{"line":13,"column":null}},"line":13}},"branchMap":{},"s":{"0":9,"1":3},"f":{"0":9,"1":3},"b":{},"meta":{"lastBranch":0,"lastFunction":2,"lastStatement":2,"seen":{"f:9:24:9:35":0,"s:10:2:15:Infinity":0,"f:12:22:12:27":1,"s:13:8:13:Infinity":1}}}
,"C:\\Users\\1\\REACT-RSSCHOOL_STUDY\\projects\\hooks-and-routing\\rss-react\\src\\entities\\character\\ui\\index.ts": {"path":"C:\\Users\\1\\REACT-RSSCHOOL_STUDY\\projects\\hooks-and-routing\\rss-react\\src\\entities\\character\\ui\\index.ts","statementMap":{},"fnMap":{},"branchMap":{},"s":{},"f":{},"b":{},"meta":{"lastBranch":0,"lastFunction":0,"lastStatement":0,"seen":{}}}
,"C:\\Users\\1\\REACT-RSSCHOOL_STUDY\\projects\\hooks-and-routing\\rss-react\\src\\features\\error-view-toggle\\index.ts": {"path":"C:\\Users\\1\\REACT-RSSCHOOL_STUDY\\projects\\hooks-and-routing\\rss-react\\src\\features\\error-view-toggle\\index.ts","statementMap":{},"fnMap":{},"branchMap":{},"s":{},"f":{},"b":{},"meta":{"lastBranch":0,"lastFunction":0,"lastStatement":0,"seen":{}}}
,"C:\\Users\\1\\REACT-RSSCHOOL_STUDY\\projects\\hooks-and-routing\\rss-react\\src\\features\\error-view-toggle\\ui\\ErrorViewButton.tsx": {"path":"C:\\Users\\1\\REACT-RSSCHOOL_STUDY\\projects\\hooks-and-routing\\rss-react\\src\\features\\error-view-toggle\\ui\\ErrorViewButton.tsx","statementMap":{"0":{"start":{"line":8,"column":2},"end":{"line":11,"column":null}}},"fnMap":{"0":{"name":"ErrorViewButton","decl":{"start":{"line":7,"column":16},"end":{"line":7,"column":32}},"loc":{"start":{"line":7,"column":52},"end":{"line":11,"column":null}},"line":7}},"branchMap":{},"s":{"0":25},"f":{"0":25},"b":{},"meta":{"lastBranch":0,"lastFunction":1,"lastStatement":1,"seen":{"f:7:16:7:32":0,"s:8:2:11:Infinity":0}}}
,"C:\\Users\\1\\REACT-RSSCHOOL_STUDY\\projects\\hooks-and-routing\\rss-react\\src\\features\\search-character\\index.tsx": {"path":"C:\\Users\\1\\REACT-RSSCHOOL_STUDY\\projects\\hooks-and-routing\\rss-react\\src\\features\\search-character\\index.tsx","statementMap":{},"fnMap":{},"branchMap":{},"s":{},"f":{},"b":{},"meta":{"lastBranch":0,"lastFunction":0,"lastStatement":0,"seen":{}}}
,"C:\\Users\\1\\REACT-RSSCHOOL_STUDY\\projects\\hooks-and-routing\\rss-react\\src\\features\\search-character\\lib\\MapResultToState.ts": {"path":"C:\\Users\\1\\REACT-RSSCHOOL_STUDY\\projects\\hooks-and-routing\\rss-react\\src\\features\\search-character\\lib\\MapResultToState.ts","statementMap":{"0":{"start":{"line":3,"column":15},"end":{"line":6,"column":null}},"1":{"start":{"line":9,"column":20},"end":{"line":10,"column":null}},"2":{"start":{"line":13,"column":2},"end":{"line":19,"column":null}},"3":{"start":{"line":14,"column":4},"end":{"line":19,"column":null}},"4":{"start":{"line":22,"column":2},"end":{"line":28,"column":null}},"5":{"start":{"line":23,"column":4},"end":{"line":28,"column":null}},"6":{"start":{"line":31,"column":2},"end":{"line":37,"column":null}},"7":{"start":{"line":32,"column":4},"end":{"line":37,"column":null}},"8":{"start":{"line":40,"column":2},"end":{"line":45,"column":null}}},"fnMap":{"0":{"name":"mapResultToState","decl":{"start":{"line":8,"column":24},"end":{"line":8,"column":41}},"loc":{"start":{"line":8,"column":63},"end":{"line":45,"column":null}},"line":8}},"branchMap":{"0":{"loc":{"start":{"line":13,"column":2},"end":{"line":19,"column":null}},"type":"if","locations":[{"start":{"line":13,"column":2},"end":{"line":19,"column":null}},{"start":{},"end":{}}],"line":13},"1":{"loc":{"start":{"line":22,"column":2},"end":{"line":28,"column":null}},"type":"if","locations":[{"start":{"line":22,"column":2},"end":{"line":28,"column":null}},{"start":{},"end":{}}],"line":22},"2":{"loc":{"start":{"line":31,"column":2},"end":{"line":37,"column":null}},"type":"if","locations":[{"start":{"line":31,"column":2},"end":{"line":37,"column":null}},{"start":{},"end":{}}],"line":31}},"s":{"0":4,"1":9,"2":9,"3":5,"4":4,"5":2,"6":2,"7":2,"8":0},"f":{"0":9},"b":{"0":[5,4],"1":[2,2],"2":[2,0]},"meta":{"lastBranch":3,"lastFunction":1,"lastStatement":9,"seen":{"s:3:15:6:Infinity":0,"f:8:24:8:41":0,"s:9:20:10:Infinity":1,"b:13:2:19:Infinity:undefined:undefined:undefined:undefined":0,"s:13:2:19:Infinity":2,"s:14:4:19:Infinity":3,"b:22:2:28:Infinity:undefined:undefined:undefined:undefined":1,"s:22:2:28:Infinity":4,"s:23:4:28:Infinity":5,"b:31:2:37:Infinity:undefined:undefined:undefined:undefined":2,"s:31:2:37:Infinity":6,"s:32:4:37:Infinity":7,"s:40:2:45:Infinity":8}}}
,"C:\\Users\\1\\REACT-RSSCHOOL_STUDY\\projects\\hooks-and-routing\\rss-react\\src\\features\\search-character\\model\\SearchCharacter.ts": {"path":"C:\\Users\\1\\REACT-RSSCHOOL_STUDY\\projects\\hooks-and-routing\\rss-react\\src\\features\\search-character\\model\\SearchCharacter.ts","statementMap":{"0":{"start":{"line":4,"column":20},"end":{"line":4,"column":null}},"1":{"start":{"line":6,"column":22},"end":{"line":6,"column":null}},"2":{"start":{"line":7,"column":15},"end":{"line":7,"column":null}},"3":{"start":{"line":8,"column":36},"end":{"line":8,"column":null}},"4":{"start":{"line":10,"column":36},"end":{"line":40,"column":null}},"5":{"start":{"line":12,"column":4},"end":{"line":12,"column":null}},"6":{"start":{"line":16,"column":4},"end":{"line":17,"column":null}},"7":{"start":{"line":17,"column":6},"end":{"line":17,"column":null}},"8":{"start":{"line":20,"column":4},"end":{"line":20,"column":null}},"9":{"start":{"line":21,"column":4},"end":{"line":21,"column":null}},"10":{"start":{"line":23,"column":4},"end":{"line":23,"column":null}},"11":{"start":{"line":25,"column":4},"end":{"line":37,"column":null}},"12":{"start":{"line":26,"column":21},"end":{"line":26,"column":53}},"13":{"start":{"line":28,"column":6},"end":{"line":30,"column":null}},"14":{"start":{"line":29,"column":8},"end":{"line":29,"column":null}},"15":{"start":{"line":30,"column":8},"end":{"line":30,"column":null}},"16":{"start":{"line":33,"column":6},"end":{"line":33,"column":null}},"17":{"start":{"line":35,"column":6},"end":{"line":35,"column":null}},"18":{"start":{"line":37,"column":6},"end":{"line":37,"column":null}}},"fnMap":{"0":{"name":"(anonymous_0)","decl":{"start":{"line":11,"column":2},"end":{"line":11,"column":26}},"loc":{"start":{"line":11,"column":26},"end":{"line":12,"column":null}},"line":11},"1":{"name":"(anonymous_1)","decl":{"start":{"line":15,"column":8},"end":{"line":15,"column":15}},"loc":{"start":{"line":15,"column":63},"end":{"line":37,"column":null}},"line":15}},"branchMap":{"0":{"loc":{"start":{"line":12,"column":11},"end":{"line":12,"column":null}},"type":"binary-expr","locations":[{"start":{"line":12,"column":11},"end":{"line":12,"column":44}},{"start":{"line":12,"column":48},"end":{"line":12,"column":null}}],"line":12},"1":{"loc":{"start":{"line":15,"column":30},"end":{"line":15,"column":63}},"type":"default-arg","locations":[{"start":{"line":15,"column":37},"end":{"line":15,"column":63}}],"line":15},"2":{"loc":{"start":{"line":16,"column":4},"end":{"line":17,"column":null}},"type":"if","locations":[{"start":{"line":16,"column":4},"end":{"line":17,"column":null}},{"start":{},"end":{}}],"line":16},"3":{"loc":{"start":{"line":16,"column":8},"end":{"line":16,"column":70}},"type":"binary-expr","locations":[{"start":{"line":16,"column":8},"end":{"line":16,"column":37}},{"start":{"line":16,"column":37},"end":{"line":16,"column":58}},{"start":{"line":16,"column":58},"end":{"line":16,"column":70}}],"line":16},"4":{"loc":{"start":{"line":28,"column":6},"end":{"line":30,"column":null}},"type":"if","locations":[{"start":{"line":28,"column":6},"end":{"line":30,"column":null}},{"start":{},"end":{}}],"line":28}},"s":{"0":4,"1":4,"2":4,"3":4,"4":4,"5":1,"6":5,"7":1,"8":4,"9":4,"10":4,"11":4,"12":4,"13":4,"14":3,"15":3,"16":1,"17":1,"18":0},"f":{"0":1,"1":5},"b":{"0":[1,1],"1":[5],"2":[1,4],"3":[5,3,3],"4":[3,1]},"meta":{"lastBranch":5,"lastFunction":2,"lastStatement":19,"seen":{"s:4:20:4:Infinity":0,"s:6:22:6:Infinity":1,"s:7:15:7:Infinity":2,"s:8:36:8:Infinity":3,"s:10:36:40:Infinity":4,"f:11:2:11:26":0,"s:12:4:12:Infinity":5,"b:12:11:12:44:12:48:12:Infinity":0,"f:15:8:15:15":1,"b:15:37:15:63":1,"b:16:4:17:Infinity:undefined:undefined:undefined:undefined":2,"s:16:4:17:Infinity":6,"b:16:8:16:37:16:37:16:58:16:58:16:70":3,"s:17:6:17:Infinity":7,"s:20:4:20:Infinity":8,"s:21:4:21:Infinity":9,"s:23:4:23:Infinity":10,"s:25:4:37:Infinity":11,"s:26:21:26:53":12,"b:28:6:30:Infinity:undefined:undefined:undefined:undefined":4,"s:28:6:30:Infinity":13,"s:29:8:29:Infinity":14,"s:30:8:30:Infinity":15,"s:33:6:33:Infinity":16,"s:35:6:35:Infinity":17,"s:37:6:37:Infinity":18}}}
,"C:\\Users\\1\\REACT-RSSCHOOL_STUDY\\projects\\hooks-and-routing\\rss-react\\src\\features\\search-character\\model\\types.ts": {"path":"C:\\Users\\1\\REACT-RSSCHOOL_STUDY\\projects\\hooks-and-routing\\rss-react\\src\\features\\search-character\\model\\types.ts","statementMap":{},"fnMap":{},"branchMap":{},"s":{},"f":{},"b":{},"meta":{"lastBranch":0,"lastFunction":0,"lastStatement":0,"seen":{}}}
,"C:\\Users\\1\\REACT-RSSCHOOL_STUDY\\projects\\hooks-and-routing\\rss-react\\src\\features\\search-character\\ui\\SearchBar.tsx": {"path":"C:\\Users\\1\\REACT-RSSCHOOL_STUDY\\projects\\hooks-and-routing\\rss-react\\src\\features\\search-character\\ui\\SearchBar.tsx","statementMap":{"0":{"start":{"line":16,"column":2},"end":{"line":26,"column":null}}},"fnMap":{"0":{"name":"SearchBar","decl":{"start":{"line":10,"column":24},"end":{"line":10,"column":34}},"loc":{"start":{"line":15,"column":10},"end":{"line":26,"column":null}},"line":15}},"branchMap":{},"s":{"0":28},"f":{"0":28},"b":{},"meta":{"lastBranch":0,"lastFunction":1,"lastStatement":1,"seen":{"f:10:24:10:34":0,"s:16:2:26:Infinity":0}}}
,"C:\\Users\\1\\REACT-RSSCHOOL_STUDY\\projects\\hooks-and-routing\\rss-react\\src\\features\\search-character\\ui\\SearchContent.tsx": {"path":"C:\\Users\\1\\REACT-RSSCHOOL_STUDY\\projects\\hooks-and-routing\\rss-react\\src\\features\\search-character\\ui\\SearchContent.tsx","statementMap":{"0":{"start":{"line":12,"column":2},"end":{"line":13,"column":null}},"1":{"start":{"line":13,"column":4},"end":{"line":13,"column":null}},"2":{"start":{"line":16,"column":2},"end":{"line":17,"column":null}},"3":{"start":{"line":17,"column":4},"end":{"line":17,"column":null}},"4":{"start":{"line":20,"column":2},"end":{"line":20,"column":null}}},"fnMap":{"0":{"name":"SearchContent","decl":{"start":{"line":11,"column":24},"end":{"line":11,"column":38}},"loc":{"start":{"line":11,"column":72},"end":{"line":20,"column":null}},"line":11}},"branchMap":{"0":{"loc":{"start":{"line":12,"column":2},"end":{"line":13,"column":null}},"type":"if","locations":[{"start":{"line":12,"column":2},"end":{"line":13,"column":null}},{"start":{},"end":{}}],"line":12},"1":{"loc":{"start":{"line":16,"column":2},"end":{"line":17,"column":null}},"type":"if","locations":[{"start":{"line":16,"column":2},"end":{"line":17,"column":null}},{"start":{},"end":{}}],"line":16}},"s":{"0":25,"1":7,"2":18,"3":10,"4":8},"f":{"0":25},"b":{"0":[7,18],"1":[10,8]},"meta":{"lastBranch":2,"lastFunction":1,"lastStatement":5,"seen":{"f:11:24:11:38":0,"b:12:2:13:Infinity:undefined:undefined:undefined:undefined":0,"s:12:2:13:Infinity":0,"s:13:4:13:Infinity":1,"b:16:2:17:Infinity:undefined:undefined:undefined:undefined":1,"s:16:2:17:Infinity":2,"s:17:4:17:Infinity":3,"s:20:2:20:Infinity":4}}}
,"C:\\Users\\1\\REACT-RSSCHOOL_STUDY\\projects\\hooks-and-routing\\rss-react\\src\\features\\search-character\\ui\\index.tsx": {"path":"C:\\Users\\1\\REACT-RSSCHOOL_STUDY\\projects\\hooks-and-routing\\rss-react\\src\\features\\search-character\\ui\\index.tsx","statementMap":{},"fnMap":{},"branchMap":{},"s":{},"f":{},"b":{},"meta":{"lastBranch":0,"lastFunction":0,"lastStatement":0,"seen":{}}}
,"C:\\Users\\1\\REACT-RSSCHOOL_STUDY\\projects\\hooks-and-routing\\rss-react\\src\\pages\\about-page\\index.ts": {"path":"C:\\Users\\1\\REACT-RSSCHOOL_STUDY\\projects\\hooks-and-routing\\rss-react\\src\\pages\\about-page\\index.ts","statementMap":{},"fnMap":{},"branchMap":{},"s":{},"f":{},"b":{},"meta":{"lastBranch":0,"lastFunction":0,"lastStatement":0,"seen":{}}}
,"C:\\Users\\1\\REACT-RSSCHOOL_STUDY\\projects\\hooks-and-routing\\rss-react\\src\\pages\\about-page\\ui\\AboutPage.tsx": {"path":"C:\\Users\\1\\REACT-RSSCHOOL_STUDY\\projects\\hooks-and-routing\\rss-react\\src\\pages\\about-page\\ui\\AboutPage.tsx","statementMap":{"0":{"start":{"line":4,"column":2},"end":{"line":4,"column":null}}},"fnMap":{"0":{"name":"AboutPage","decl":{"start":{"line":3,"column":16},"end":{"line":3,"column":28}},"loc":{"start":{"line":3,"column":28},"end":{"line":4,"column":null}},"line":3}},"branchMap":{},"s":{"0":0},"f":{"0":0},"b":{},"meta":{"lastBranch":0,"lastFunction":1,"lastStatement":1,"seen":{"f:3:16:3:28":0,"s:4:2:4:Infinity":0}}}
,"C:\\Users\\1\\REACT-RSSCHOOL_STUDY\\projects\\hooks-and-routing\\rss-react\\src\\pages\\search-page\\index.ts": {"path":"C:\\Users\\1\\REACT-RSSCHOOL_STUDY\\projects\\hooks-and-routing\\rss-react\\src\\pages\\search-page\\index.ts","statementMap":{},"fnMap":{},"branchMap":{},"s":{},"f":{},"b":{},"meta":{"lastBranch":0,"lastFunction":0,"lastStatement":0,"seen":{}}}
,"C:\\Users\\1\\REACT-RSSCHOOL_STUDY\\projects\\hooks-and-routing\\rss-react\\src\\pages\\search-page\\ui\\SearchPage.tsx": {"path":"C:\\Users\\1\\REACT-RSSCHOOL_STUDY\\projects\\hooks-and-routing\\rss-react\\src\\pages\\search-page\\ui\\SearchPage.tsx","statementMap":{"0":{"start":{"line":4,"column":2},"end":{"line":4,"column":null}}},"fnMap":{"0":{"name":"SearchPage","decl":{"start":{"line":3,"column":24},"end":{"line":3,"column":37}},"loc":{"start":{"line":3,"column":37},"end":{"line":4,"column":null}},"line":3}},"branchMap":{},"s":{"0":0},"f":{"0":0},"b":{},"meta":{"lastBranch":0,"lastFunction":1,"lastStatement":1,"seen":{"f:3:24:3:37":0,"s:4:2:4:Infinity":0}}}
,"C:\\Users\\1\\REACT-RSSCHOOL_STUDY\\projects\\hooks-and-routing\\rss-react\\src\\shared\\ui\\error-component\\ErrorComponent.tsx": {"path":"C:\\Users\\1\\REACT-RSSCHOOL_STUDY\\projects\\hooks-and-routing\\rss-react\\src\\shared\\ui\\error-component\\ErrorComponent.tsx","statementMap":{"0":{"start":{"line":4,"column":2},"end":{"line":12,"column":null}},"1":{"start":{"line":9,"column":23},"end":{"line":9,"column":51}}},"fnMap":{"0":{"name":"ErrorComponent","decl":{"start":{"line":3,"column":24},"end":{"line":3,"column":41}},"loc":{"start":{"line":3,"column":41},"end":{"line":12,"column":null}},"line":3},"1":{"name":"(anonymous_1)","decl":{"start":{"line":9,"column":8},"end":{"line":9,"column":23}},"loc":{"start":{"line":9,"column":23},"end":{"line":9,"column":51}},"line":9}},"branchMap":{},"s":{"0":2,"1":0},"f":{"0":2,"1":0},"b":{},"meta":{"lastBranch":0,"lastFunction":2,"lastStatement":2,"seen":{"f:3:24:3:41":0,"s:4:2:12:Infinity":0,"f:9:8:9:23":1,"s:9:23:9:51":1}}}
,"C:\\Users\\1\\REACT-RSSCHOOL_STUDY\\projects\\hooks-and-routing\\rss-react\\src\\shared\\ui\\error-component\\index.tsx": {"path":"C:\\Users\\1\\REACT-RSSCHOOL_STUDY\\projects\\hooks-and-routing\\rss-react\\src\\shared\\ui\\error-component\\index.tsx","statementMap":{},"fnMap":{},"branchMap":{},"s":{},"f":{},"b":{},"meta":{"lastBranch":0,"lastFunction":0,"lastStatement":0,"seen":{}}}
,"C:\\Users\\1\\REACT-RSSCHOOL_STUDY\\projects\\hooks-and-routing\\rss-react\\src\\shared\\ui\\spinner\\LoadingSpinner.tsx": {"path":"C:\\Users\\1\\REACT-RSSCHOOL_STUDY\\projects\\hooks-and-routing\\rss-react\\src\\shared\\ui\\spinner\\LoadingSpinner.tsx","statementMap":{"0":{"start":{"line":4,"column":2},"end":{"line":4,"column":null}}},"fnMap":{"0":{"name":"LoadingSpinner","decl":{"start":{"line":3,"column":24},"end":{"line":3,"column":41}},"loc":{"start":{"line":3,"column":41},"end":{"line":4,"column":null}},"line":3}},"branchMap":{},"s":{"0":8},"f":{"0":8},"b":{},"meta":{"lastBranch":0,"lastFunction":1,"lastStatement":1,"seen":{"f:3:24:3:41":0,"s:4:2:4:Infinity":0}}}
,"C:\\Users\\1\\REACT-RSSCHOOL_STUDY\\projects\\hooks-and-routing\\rss-react\\src\\shared\\ui\\spinner\\index.tsx": {"path":"C:\\Users\\1\\REACT-RSSCHOOL_STUDY\\projects\\hooks-and-routing\\rss-react\\src\\shared\\ui\\spinner\\index.tsx","statementMap":{},"fnMap":{},"branchMap":{},"s":{},"f":{},"b":{},"meta":{"lastBranch":0,"lastFunction":0,"lastStatement":0,"seen":{}}}
,"C:\\Users\\1\\REACT-RSSCHOOL_STUDY\\projects\\hooks-and-routing\\rss-react\\src\\widgets\\about\\index.ts": {"path":"C:\\Users\\1\\REACT-RSSCHOOL_STUDY\\projects\\hooks-and-routing\\rss-react\\src\\widgets\\about\\index.ts","statementMap":{},"fnMap":{},"branchMap":{},"s":{},"f":{},"b":{},"meta":{"lastBranch":0,"lastFunction":0,"lastStatement":0,"seen":{}}}
,"C:\\Users\\1\\REACT-RSSCHOOL_STUDY\\projects\\hooks-and-routing\\rss-react\\src\\widgets\\about\\ui\\AboutWidget.tsx": {"path":"C:\\Users\\1\\REACT-RSSCHOOL_STUDY\\projects\\hooks-and-routing\\rss-react\\src\\widgets\\about\\ui\\AboutWidget.tsx","statementMap":{"0":{"start":{"line":5,"column":2},"end":{"line":19,"column":null}}},"fnMap":{"0":{"name":"AboutWidget","decl":{"start":{"line":4,"column":16},"end":{"line":4,"column":30}},"loc":{"start":{"line":4,"column":30},"end":{"line":19,"column":null}},"line":4}},"branchMap":{},"s":{"0":0},"f":{"0":0},"b":{},"meta":{"lastBranch":0,"lastFunction":1,"lastStatement":1,"seen":{"f:4:16:4:30":0,"s:5:2:19:Infinity":0}}}
,"C:\\Users\\1\\REACT-RSSCHOOL_STUDY\\projects\\hooks-and-routing\\rss-react\\src\\widgets\\menu\\index.ts": {"path":"C:\\Users\\1\\REACT-RSSCHOOL_STUDY\\projects\\hooks-and-routing\\rss-react\\src\\widgets\\menu\\index.ts","statementMap":{},"fnMap":{},"branchMap":{},"s":{},"f":{},"b":{},"meta":{"lastBranch":0,"lastFunction":0,"lastStatement":0,"seen":{}}}
,"C:\\Users\\1\\REACT-RSSCHOOL_STUDY\\projects\\hooks-and-routing\\rss-react\\src\\widgets\\menu\\ui\\Menu.tsx": {"path":"C:\\Users\\1\\REACT-RSSCHOOL_STUDY\\projects\\hooks-and-routing\\rss-react\\src\\widgets\\menu\\ui\\Menu.tsx","statementMap":{"0":{"start":{"line":5,"column":2},"end":{"line":16,"column":null}}},"fnMap":{"0":{"name":"Menu","decl":{"start":{"line":4,"column":16},"end":{"line":4,"column":23}},"loc":{"start":{"line":4,"column":23},"end":{"line":16,"column":null}},"line":4}},"branchMap":{},"s":{"0":0},"f":{"0":0},"b":{},"meta":{"lastBranch":0,"lastFunction":1,"lastStatement":1,"seen":{"f:4:16:4:23":0,"s:5:2:16:Infinity":0}}}
,"C:\\Users\\1\\REACT-RSSCHOOL_STUDY\\projects\\hooks-and-routing\\rss-react\\src\\widgets\\search-character\\index.tsx": {"path":"C:\\Users\\1\\REACT-RSSCHOOL_STUDY\\projects\\hooks-and-routing\\rss-react\\src\\widgets\\search-character\\index.tsx","statementMap":{},"fnMap":{},"branchMap":{},"s":{},"f":{},"b":{},"meta":{"lastBranch":0,"lastFunction":0,"lastStatement":0,"seen":{}}}
,"C:\\Users\\1\\REACT-RSSCHOOL_STUDY\\projects\\hooks-and-routing\\rss-react\\src\\widgets\\search-character\\model\\InitialState.ts": {"path":"C:\\Users\\1\\REACT-RSSCHOOL_STUDY\\projects\\hooks-and-routing\\rss-react\\src\\widgets\\search-character\\model\\InitialState.ts","statementMap":{"0":{"start":{"line":4,"column":35},"end":{"line":11,"column":null}}},"fnMap":{},"branchMap":{},"s":{"0":2},"f":{},"b":{},"meta":{"lastBranch":0,"lastFunction":0,"lastStatement":1,"seen":{"s:4:35:11:Infinity":0}}}
,"C:\\Users\\1\\REACT-RSSCHOOL_STUDY\\projects\\hooks-and-routing\\rss-react\\src\\widgets\\search-character\\model\\reducer.ts": {"path":"C:\\Users\\1\\REACT-RSSCHOOL_STUDY\\projects\\hooks-and-routing\\rss-react\\src\\widgets\\search-character\\model\\reducer.ts","statementMap":{"0":{"start":{"line":4,"column":2},"end":{"line":39,"column":null}},"1":{"start":{"line":6,"column":6},"end":{"line":9,"column":null}},"2":{"start":{"line":13,"column":6},"end":{"line":18,"column":null}},"3":{"start":{"line":22,"column":6},"end":{"line":28,"column":null}},"4":{"start":{"line":32,"column":6},"end":{"line":35,"column":null}},"5":{"start":{"line":39,"column":6},"end":{"line":39,"column":null}}},"fnMap":{"0":{"name":"reducer","decl":{"start":{"line":3,"column":16},"end":{"line":3,"column":24}},"loc":{"start":{"line":3,"column":61},"end":{"line":39,"column":null}},"line":3}},"branchMap":{"0":{"loc":{"start":{"line":4,"column":2},"end":{"line":39,"column":null}},"type":"switch","locations":[{"start":{"line":5,"column":4},"end":{"line":9,"column":null}},{"start":{"line":12,"column":4},"end":{"line":18,"column":null}},{"start":{"line":21,"column":4},"end":{"line":28,"column":null}},{"start":{"line":31,"column":4},"end":{"line":35,"column":null}},{"start":{"line":38,"column":4},"end":{"line":39,"column":null}}],"line":4},"1":{"loc":{"start":{"line":24,"column":15},"end":{"line":24,"column":41}},"type":"binary-expr","locations":[{"start":{"line":24,"column":15},"end":{"line":24,"column":39}},{"start":{"line":24,"column":39},"end":{"line":24,"column":41}}],"line":24},"2":{"loc":{"start":{"line":25,"column":15},"end":{"line":25,"column":null}},"type":"binary-expr","locations":[{"start":{"line":25,"column":15},"end":{"line":25,"column":39}},{"start":{"line":25,"column":39},"end":{"line":25,"column":null}}],"line":25},"3":{"loc":{"start":{"line":26,"column":15},"end":{"line":26,"column":null}},"type":"binary-expr","locations":[{"start":{"line":26,"column":15},"end":{"line":26,"column":39}},{"start":{"line":26,"column":39},"end":{"line":26,"column":null}}],"line":26}},"s":{"0":19,"1":5,"2":7,"3":5,"4":2,"5":0},"f":{"0":19},"b":{"0":[5,7,5,2,0],"1":[5,0],"2":[5,0],"3":[5,1]},"meta":{"lastBranch":4,"lastFunction":1,"lastStatement":6,"seen":{"f:3:16:3:24":0,"b:5:4:9:Infinity:12:4:18:Infinity:21:4:28:Infinity:31:4:35:Infinity:38:4:39:Infinity":0,"s:4:2:39:Infinity":0,"s:6:6:9:Infinity":1,"s:13:6:18:Infinity":2,"s:22:6:28:Infinity":3,"b:24:15:24:39:24:39:24:41":1,"b:25:15:25:39:25:39:25:Infinity":2,"b:26:15:26:39:26:39:26:Infinity":3,"s:32:6:35:Infinity":4,"s:39:6:39:Infinity":5}}}
,"C:\\Users\\1\\REACT-RSSCHOOL_STUDY\\projects\\hooks-and-routing\\rss-react\\src\\widgets\\search-character\\model\\search.ts": {"path":"C:\\Users\\1\\REACT-RSSCHOOL_STUDY\\projects\\hooks-and-routing\\rss-react\\src\\widgets\\search-character\\model\\search.ts","statementMap":{"0":{"start":{"line":7,"column":18},"end":{"line":7,"column":30}},"1":{"start":{"line":9,"column":17},"end":{"line":9,"column":65}},"2":{"start":{"line":11,"column":2},"end":{"line":11,"column":null}}},"fnMap":{"0":{"name":"searchCharacters","decl":{"start":{"line":6,"column":22},"end":{"line":6,"column":39}},"loc":{"start":{"line":6,"column":64},"end":{"line":11,"column":null}},"line":6}},"branchMap":{"0":{"loc":{"start":{"line":6,"column":54},"end":{"line":6,"column":64}},"type":"default-arg","locations":[{"start":{"line":6,"column":61},"end":{"line":6,"column":64}}],"line":6}},"s":{"0":8,"1":8,"2":6},"f":{"0":8},"b":{"0":[8]},"meta":{"lastBranch":1,"lastFunction":1,"lastStatement":3,"seen":{"f:6:22:6:39":0,"b:6:61:6:64":0,"s:7:18:7:30":0,"s:9:17:9:65":1,"s:11:2:11:Infinity":2}}}
,"C:\\Users\\1\\REACT-RSSCHOOL_STUDY\\projects\\hooks-and-routing\\rss-react\\src\\widgets\\search-character\\model\\types.ts": {"path":"C:\\Users\\1\\REACT-RSSCHOOL_STUDY\\projects\\hooks-and-routing\\rss-react\\src\\widgets\\search-character\\model\\types.ts","statementMap":{},"fnMap":{},"branchMap":{},"s":{},"f":{},"b":{},"meta":{"lastBranch":0,"lastFunction":0,"lastStatement":0,"seen":{}}}
,"C:\\Users\\1\\REACT-RSSCHOOL_STUDY\\projects\\hooks-and-routing\\rss-react\\src\\widgets\\search-character\\ui\\PaginationMenu.tsx": {"path":"C:\\Users\\1\\REACT-RSSCHOOL_STUDY\\projects\\hooks-and-routing\\rss-react\\src\\widgets\\search-character\\ui\\PaginationMenu.tsx","statementMap":{"0":{"start":{"line":9,"column":27},"end":{"line":9,"column":67}},"1":{"start":{"line":11,"column":22},"end":{"line":11,"column":null}},"2":{"start":{"line":13,"column":8},"end":{"line":14,"column":null}},"3":{"start":{"line":14,"column":4},"end":{"line":14,"column":null}},"4":{"start":{"line":17,"column":8},"end":{"line":18,"column":null}},"5":{"start":{"line":18,"column":4},"end":{"line":18,"column":null}},"6":{"start":{"line":21,"column":8},"end":{"line":22,"column":null}},"7":{"start":{"line":22,"column":4},"end":{"line":22,"column":null}},"8":{"start":{"line":25,"column":2},"end":{"line":43,"column":null}}},"fnMap":{"0":{"name":"PaginationMenu","decl":{"start":{"line":8,"column":16},"end":{"line":8,"column":31}},"loc":{"start":{"line":8,"column":49},"end":{"line":43,"column":null}},"line":8},"1":{"name":"(anonymous_1)","decl":{"start":{"line":13,"column":8},"end":{"line":13,"column":20}},"loc":{"start":{"line":13,"column":37},"end":{"line":14,"column":null}},"line":13},"2":{"name":"(anonymous_2)","decl":{"start":{"line":17,"column":8},"end":{"line":17,"column":31}},"loc":{"start":{"line":17,"column":31},"end":{"line":18,"column":null}},"line":17},"3":{"name":"(anonymous_3)","decl":{"start":{"line":21,"column":8},"end":{"line":21,"column":27}},"loc":{"start":{"line":21,"column":27},"end":{"line":22,"column":null}},"line":21}},"branchMap":{"0":{"loc":{"start":{"line":11,"column":22},"end":{"line":11,"column":null}},"type":"binary-expr","locations":[{"start":{"line":11,"column":22},"end":{"line":11,"column":58}},{"start":{"line":11,"column":62},"end":{"line":11,"column":null}}],"line":11}},"s":{"0":32,"1":32,"2":32,"3":2,"4":32,"5":1,"6":32,"7":1,"8":32},"f":{"0":32,"1":2,"2":1,"3":1},"b":{"0":[32,0]},"meta":{"lastBranch":1,"lastFunction":4,"lastStatement":9,"seen":{"f:8:16:8:31":0,"s:9:27:9:67":0,"s:11:22:11:Infinity":1,"b:11:22:11:58:11:62:11:Infinity":0,"s:13:8:14:Infinity":2,"f:13:8:13:20":1,"s:14:4:14:Infinity":3,"s:17:8:18:Infinity":4,"f:17:8:17:31":2,"s:18:4:18:Infinity":5,"s:21:8:22:Infinity":6,"f:21:8:21:27":3,"s:22:4:22:Infinity":7,"s:25:2:43:Infinity":8}}}
,"C:\\Users\\1\\REACT-RSSCHOOL_STUDY\\projects\\hooks-and-routing\\rss-react\\src\\widgets\\search-character\\ui\\SearchCharacterWidget.tsx": {"path":"C:\\Users\\1\\REACT-RSSCHOOL_STUDY\\projects\\hooks-and-routing\\rss-react\\src\\widgets\\search-character\\ui\\SearchCharacterWidget.tsx","statementMap":{"0":{"start":{"line":12,"column":16},"end":{"line":12,"column":61}},"1":{"start":{"line":14,"column":27},"end":{"line":14,"column":67}},"2":{"start":{"line":16,"column":15},"end":{"line":16,"column":null}},"3":{"start":{"line":18,"column":2},"end":{"line":34,"column":null}},"4":{"start":{"line":19,"column":17},"end":{"line":30,"column":null}},"5":{"start":{"line":20,"column":6},"end":{"line":23,"column":null}},"6":{"start":{"line":25,"column":19},"end":{"line":25,"column":60}},"7":{"start":{"line":27,"column":6},"end":{"line":30,"column":null}},"8":{"start":{"line":33,"column":4},"end":{"line":33,"column":null}},"9":{"start":{"line":37,"column":4},"end":{"line":37,"column":null}},"10":{"start":{"line":41,"column":4},"end":{"line":41,"column":null}},"11":{"start":{"line":43,"column":4},"end":{"line":45,"column":null}},"12":{"start":{"line":44,"column":6},"end":{"line":44,"column":null}},"13":{"start":{"line":49,"column":4},"end":{"line":49,"column":null}},"14":{"start":{"line":52,"column":2},"end":{"line":53,"column":null}},"15":{"start":{"line":53,"column":4},"end":{"line":53,"column":null}},"16":{"start":{"line":56,"column":2},"end":{"line":75,"column":null}}},"fnMap":{"0":{"name":"SearchCharacterWidget","decl":{"start":{"line":11,"column":24},"end":{"line":11,"column":48}},"loc":{"start":{"line":11,"column":48},"end":{"line":75,"column":null}},"line":11},"1":{"name":"(anonymous_1)","decl":{"start":{"line":18,"column":2},"end":{"line":18,"column":18}},"loc":{"start":{"line":18,"column":18},"end":{"line":34,"column":6}},"line":18},"2":{"name":"(anonymous_2)","decl":{"start":{"line":19,"column":17},"end":{"line":19,"column":29}},"loc":{"start":{"line":19,"column":29},"end":{"line":30,"column":null}},"line":19},"3":{"name":"handleChange","decl":{"start":{"line":36,"column":11},"end":{"line":36,"column":24}},"loc":{"start":{"line":36,"column":62},"end":{"line":37,"column":null}},"line":36},"4":{"name":"handleSearch","decl":{"start":{"line":40,"column":11},"end":{"line":40,"column":26}},"loc":{"start":{"line":40,"column":26},"end":{"line":45,"column":null}},"line":40},"5":{"name":"(anonymous_5)","decl":{"start":{"line":43,"column":37},"end":{"line":43,"column":43}},"loc":{"start":{"line":43,"column":52},"end":{"line":45,"column":null}},"line":43},"6":{"name":"handleErrorView","decl":{"start":{"line":48,"column":11},"end":{"line":48,"column":29}},"loc":{"start":{"line":48,"column":29},"end":{"line":49,"column":null}},"line":48}},"branchMap":{"0":{"loc":{"start":{"line":16,"column":15},"end":{"line":16,"column":null}},"type":"binary-expr","locations":[{"start":{"line":16,"column":15},"end":{"line":16,"column":51}},{"start":{"line":16,"column":55},"end":{"line":16,"column":null}}],"line":16},"1":{"loc":{"start":{"line":52,"column":2},"end":{"line":53,"column":null}},"type":"if","locations":[{"start":{"line":52,"column":2},"end":{"line":53,"column":null}},{"start":{},"end":{}}],"line":52}},"s":{"0":28,"1":28,"2":28,"3":28,"4":7,"5":7,"6":7,"7":5,"8":7,"9":5,"10":1,"11":1,"12":1,"13":1,"14":28,"15":2,"16":25},"f":{"0":28,"1":7,"2":7,"3":5,"4":1,"5":1,"6":1},"b":{"0":[28,0],"1":[2,26]},"meta":{"lastBranch":2,"lastFunction":7,"lastStatement":17,"seen":{"f:11:24:11:48":0,"s:12:16:12:61":0,"s:14:27:14:67":1,"s:16:15:16:Infinity":2,"b:16:15:16:51:16:55:16:Infinity":0,"s:18:2:34:Infinity":3,"f:18:2:18:18":1,"s:19:17:30:Infinity":4,"f:19:17:19:29":2,"s:20:6:23:Infinity":5,"s:25:19:25:60":6,"s:27:6:30:Infinity":7,"s:33:4:33:Infinity":8,"f:36:11:36:24":3,"s:37:4:37:Infinity":9,"f:40:11:40:26":4,"s:41:4:41:Infinity":10,"s:43:4:45:Infinity":11,"f:43:37:43:43":5,"s:44:6:44:Infinity":12,"f:48:11:48:29":6,"s:49:4:49:Infinity":13,"b:52:2:53:Infinity:undefined:undefined:undefined:undefined":1,"s:52:2:53:Infinity":14,"s:53:4:53:Infinity":15,"s:56:2:75:Infinity":16}}}
}
