{"C:\\Users\\1\\REACT-RSSCHOOL_STUDY\\projects\\unit-testing\\rss-react\\src\\main.tsx": {"path":"C:\\Users\\1\\REACT-RSSCHOOL_STUDY\\projects\\unit-testing\\rss-react\\src\\main.tsx","statementMap":{"0":{"start":{"line":7,"column":13},"end":{"line":7,"column":44}},"1":{"start":{"line":9,"column":0},"end":{"line":10,"column":null}},"2":{"start":{"line":10,"column":2},"end":{"line":10,"column":null}},"3":{"start":{"line":13,"column":0},"end":{"line":19,"column":null}}},"fnMap":{},"branchMap":{"0":{"loc":{"start":{"line":9,"column":0},"end":{"line":10,"column":null}},"type":"if","locations":[{"start":{"line":9,"column":0},"end":{"line":10,"column":null}},{"start":{},"end":{}}],"line":9}},"s":{"0":0,"1":0,"2":0,"3":0},"f":{},"b":{"0":[0,0]},"meta":{"lastBranch":1,"lastFunction":0,"lastStatement":4,"seen":{"s:7:13:7:44":0,"b:9:0:10:Infinity:undefined:undefined:undefined:undefined":0,"s:9:0:10:Infinity":1,"s:10:2:10:Infinity":2,"s:13:0:19:Infinity":3}}}
,"C:\\Users\\1\\REACT-RSSCHOOL_STUDY\\projects\\unit-testing\\rss-react\\src\\__test__\\MockCharacter.tsx": {"path":"C:\\Users\\1\\REACT-RSSCHOOL_STUDY\\projects\\unit-testing\\rss-react\\src\\__test__\\MockCharacter.tsx","statementMap":{"0":{"start":{"line":3,"column":6},"end":{"line":17,"column":null}},"1":{"start":{"line":3,"column":54},"end":{"line":17,"column":null}}},"fnMap":{"0":{"name":"(anonymous_0)","decl":{"start":{"line":3,"column":6},"end":{"line":3,"column":23}},"loc":{"start":{"line":3,"column":54},"end":{"line":17,"column":null}},"line":3}},"branchMap":{"0":{"loc":{"start":{"line":3,"column":23},"end":{"line":3,"column":37}},"type":"default-arg","locations":[{"start":{"line":3,"column":35},"end":{"line":3,"column":37}}],"line":3}},"s":{"0":0,"1":0},"f":{"0":0},"b":{"0":[0]},"meta":{"lastBranch":1,"lastFunction":1,"lastStatement":2,"seen":{"s:3:6:17:Infinity":0,"f:3:6:3:23":0,"s:3:54:17:Infinity":1,"b:3:35:3:37":0}}}
,"C:\\Users\\1\\REACT-RSSCHOOL_STUDY\\projects\\unit-testing\\rss-react\\src\\__test__\\mockCharacter.tsx": {"path":"C:\\Users\\1\\REACT-RSSCHOOL_STUDY\\projects\\unit-testing\\rss-react\\src\\__test__\\mockCharacter.tsx","statementMap":{"0":{"start":{"line":3,"column":6},"end":{"line":17,"column":null}},"1":{"start":{"line":3,"column":54},"end":{"line":17,"column":null}}},"fnMap":{"0":{"name":"(anonymous_0)","decl":{"start":{"line":3,"column":6},"end":{"line":3,"column":23}},"loc":{"start":{"line":3,"column":54},"end":{"line":17,"column":null}},"line":3}},"branchMap":{"0":{"loc":{"start":{"line":3,"column":23},"end":{"line":3,"column":37}},"type":"default-arg","locations":[{"start":{"line":3,"column":35},"end":{"line":3,"column":37}}],"line":3}},"s":{"0":2,"1":2},"f":{"0":2},"b":{"0":[2]},"meta":{"lastBranch":1,"lastFunction":1,"lastStatement":2,"seen":{"s:3:6:17:Infinity":0,"f:3:6:3:23":0,"s:3:54:17:Infinity":1,"b:3:35:3:37":0}}}
,"C:\\Users\\1\\REACT-RSSCHOOL_STUDY\\projects\\unit-testing\\rss-react\\src\\app\\providers\\error-boundary\\ErrorBoundary.tsx": {"path":"C:\\Users\\1\\REACT-RSSCHOOL_STUDY\\projects\\unit-testing\\rss-react\\src\\app\\providers\\error-boundary\\ErrorBoundary.tsx","statementMap":{"0":{"start":{"line":13,"column":17},"end":{"line":13,"column":36}},"1":{"start":{"line":16,"column":4},"end":{"line":16,"column":null}},"2":{"start":{"line":20,"column":4},"end":{"line":20,"column":null}},"3":{"start":{"line":24,"column":4},"end":{"line":25,"column":null}},"4":{"start":{"line":25,"column":6},"end":{"line":25,"column":null}},"5":{"start":{"line":28,"column":4},"end":{"line":28,"column":null}}},"fnMap":{"0":{"name":"(anonymous_0)","decl":{"start":{"line":15,"column":9},"end":{"line":15,"column":36}},"loc":{"start":{"line":15,"column":36},"end":{"line":16,"column":null}},"line":15},"1":{"name":"(anonymous_1)","decl":{"start":{"line":19,"column":2},"end":{"line":19,"column":20}},"loc":{"start":{"line":19,"column":34},"end":{"line":20,"column":null}},"line":19},"2":{"name":"(anonymous_2)","decl":{"start":{"line":23,"column":2},"end":{"line":23,"column":11}},"loc":{"start":{"line":23,"column":11},"end":{"line":28,"column":null}},"line":23}},"branchMap":{"0":{"loc":{"start":{"line":24,"column":4},"end":{"line":25,"column":null}},"type":"if","locations":[{"start":{"line":24,"column":4},"end":{"line":25,"column":null}},{"start":{},"end":{}}],"line":24}},"s":{"0":1,"1":2,"2":1,"3":3,"4":2,"5":1},"f":{"0":1,"1":1,"2":3},"b":{"0":[2,1]},"meta":{"lastBranch":1,"lastFunction":3,"lastStatement":6,"seen":{"s:13:17:13:36":0,"f:15:9:15:36":0,"s:16:4:16:Infinity":1,"f:19:2:19:20":1,"s:20:4:20:Infinity":2,"f:23:2:23:11":2,"b:24:4:25:Infinity:undefined:undefined:undefined:undefined":0,"s:24:4:25:Infinity":3,"s:25:6:25:Infinity":4,"s:28:4:28:Infinity":5}}}
,"C:\\Users\\1\\REACT-RSSCHOOL_STUDY\\projects\\unit-testing\\rss-react\\src\\app\\providers\\error-boundary\\index.ts": {"path":"C:\\Users\\1\\REACT-RSSCHOOL_STUDY\\projects\\unit-testing\\rss-react\\src\\app\\providers\\error-boundary\\index.ts","statementMap":{},"fnMap":{},"branchMap":{},"s":{},"f":{},"b":{},"meta":{"lastBranch":0,"lastFunction":0,"lastStatement":0,"seen":{}}}
,"C:\\Users\\1\\REACT-RSSCHOOL_STUDY\\projects\\unit-testing\\rss-react\\src\\entities\\character\\index.ts": {"path":"C:\\Users\\1\\REACT-RSSCHOOL_STUDY\\projects\\unit-testing\\rss-react\\src\\entities\\character\\index.ts","statementMap":{},"fnMap":{},"branchMap":{},"s":{},"f":{},"b":{},"meta":{"lastBranch":0,"lastFunction":0,"lastStatement":0,"seen":{}}}
,"C:\\Users\\1\\REACT-RSSCHOOL_STUDY\\projects\\unit-testing\\rss-react\\src\\entities\\character\\api\\GetCharacters.ts": {"path":"C:\\Users\\1\\REACT-RSSCHOOL_STUDY\\projects\\unit-testing\\rss-react\\src\\entities\\character\\api\\GetCharacters.ts","statementMap":{"0":{"start":{"line":3,"column":24},"end":{"line":3,"column":null}},"1":{"start":{"line":9,"column":14},"end":{"line":9,"column":null}},"2":{"start":{"line":10,"column":19},"end":{"line":10,"column":35}},"3":{"start":{"line":12,"column":2},"end":{"line":13,"column":null}},"4":{"start":{"line":13,"column":4},"end":{"line":13,"column":null}},"5":{"start":{"line":16,"column":2},"end":{"line":17,"column":null}},"6":{"start":{"line":17,"column":4},"end":{"line":17,"column":null}},"7":{"start":{"line":20,"column":28},"end":{"line":20,"column":49}},"8":{"start":{"line":22,"column":2},"end":{"line":22,"column":null}}},"fnMap":{"0":{"name":"getCharacters","decl":{"start":{"line":5,"column":22},"end":{"line":5,"column":null}},"loc":{"start":{"line":8,"column":24},"end":{"line":22,"column":null}},"line":8}},"branchMap":{"0":{"loc":{"start":{"line":6,"column":2},"end":{"line":6,"column":null}},"type":"default-arg","locations":[{"start":{"line":6,"column":17},"end":{"line":6,"column":null}}],"line":6},"1":{"loc":{"start":{"line":7,"column":2},"end":{"line":7,"column":null}},"type":"default-arg","locations":[{"start":{"line":7,"column":9},"end":{"line":7,"column":null}}],"line":7},"2":{"loc":{"start":{"line":12,"column":2},"end":{"line":13,"column":null}},"type":"if","locations":[{"start":{"line":12,"column":2},"end":{"line":13,"column":null}},{"start":{},"end":{}}],"line":12},"3":{"loc":{"start":{"line":16,"column":2},"end":{"line":17,"column":null}},"type":"if","locations":[{"start":{"line":16,"column":2},"end":{"line":17,"column":null}},{"start":{},"end":{}}],"line":16}},"s":{"0":3,"1":3,"2":3,"3":3,"4":1,"5":2,"6":1,"7":1,"8":1},"f":{"0":3},"b":{"0":[3],"1":[3],"2":[1,2],"3":[1,1]},"meta":{"lastBranch":4,"lastFunction":1,"lastStatement":9,"seen":{"s:3:24:3:Infinity":0,"f:5:22:5:Infinity":0,"b:6:17:6:Infinity":0,"b:7:9:7:Infinity":1,"s:9:14:9:Infinity":1,"s:10:19:10:35":2,"b:12:2:13:Infinity:undefined:undefined:undefined:undefined":2,"s:12:2:13:Infinity":3,"s:13:4:13:Infinity":4,"b:16:2:17:Infinity:undefined:undefined:undefined:undefined":3,"s:16:2:17:Infinity":5,"s:17:4:17:Infinity":6,"s:20:28:20:49":7,"s:22:2:22:Infinity":8}}}
,"C:\\Users\\1\\REACT-RSSCHOOL_STUDY\\projects\\unit-testing\\rss-react\\src\\entities\\character\\lib\\MapCharacterToViewModel..ts": {"path":"C:\\Users\\1\\REACT-RSSCHOOL_STUDY\\projects\\unit-testing\\rss-react\\src\\entities\\character\\lib\\MapCharacterToViewModel..ts","statementMap":{"0":{"start":{"line":7,"column":2},"end":{"line":13,"column":null}}},"fnMap":{"0":{"name":"mapCharacterToViewModel","decl":{"start":{"line":4,"column":24},"end":{"line":4,"column":null}},"loc":{"start":{"line":6,"column":17},"end":{"line":13,"column":null}},"line":6}},"branchMap":{},"s":{"0":0},"f":{"0":0},"b":{},"meta":{"lastBranch":0,"lastFunction":1,"lastStatement":1,"seen":{"f:4:24:4:Infinity":0,"s:7:2:13:Infinity":0}}}
,"C:\\Users\\1\\REACT-RSSCHOOL_STUDY\\projects\\unit-testing\\rss-react\\src\\entities\\character\\lib\\types.ts": {"path":"C:\\Users\\1\\REACT-RSSCHOOL_STUDY\\projects\\unit-testing\\rss-react\\src\\entities\\character\\lib\\types.ts","statementMap":{},"fnMap":{},"branchMap":{},"s":{},"f":{},"b":{},"meta":{"lastBranch":0,"lastFunction":0,"lastStatement":0,"seen":{}}}
,"C:\\Users\\1\\REACT-RSSCHOOL_STUDY\\projects\\unit-testing\\rss-react\\src\\entities\\character\\model\\types.ts": {"path":"C:\\Users\\1\\REACT-RSSCHOOL_STUDY\\projects\\unit-testing\\rss-react\\src\\entities\\character\\model\\types.ts","statementMap":{},"fnMap":{},"branchMap":{},"s":{},"f":{},"b":{},"meta":{"lastBranch":0,"lastFunction":0,"lastStatement":0,"seen":{}}}
,"C:\\Users\\1\\REACT-RSSCHOOL_STUDY\\projects\\unit-testing\\rss-react\\src\\entities\\character\\ui\\ResultItem.tsx": {"path":"C:\\Users\\1\\REACT-RSSCHOOL_STUDY\\projects\\unit-testing\\rss-react\\src\\entities\\character\\ui\\ResultItem.tsx","statementMap":{"0":{"start":{"line":8,"column":2},"end":{"line":14,"column":null}}},"fnMap":{"0":{"name":"ResultItem","decl":{"start":{"line":7,"column":24},"end":{"line":7,"column":35}},"loc":{"start":{"line":7,"column":62},"end":{"line":14,"column":null}},"line":7}},"branchMap":{},"s":{"0":4},"f":{"0":4},"b":{},"meta":{"lastBranch":0,"lastFunction":1,"lastStatement":1,"seen":{"f:7:24:7:35":0,"s:8:2:14:Infinity":0}}}
,"C:\\Users\\1\\REACT-RSSCHOOL_STUDY\\projects\\unit-testing\\rss-react\\src\\entities\\character\\ui\\ResultList.tsx": {"path":"C:\\Users\\1\\REACT-RSSCHOOL_STUDY\\projects\\unit-testing\\rss-react\\src\\entities\\character\\ui\\ResultList.tsx","statementMap":{"0":{"start":{"line":12,"column":4},"end":{"line":17,"column":null}},"1":{"start":{"line":15,"column":10},"end":{"line":15,"column":null}}},"fnMap":{"0":{"name":"(anonymous_0)","decl":{"start":{"line":11,"column":2},"end":{"line":11,"column":11}},"loc":{"start":{"line":11,"column":11},"end":{"line":17,"column":null}},"line":11},"1":{"name":"(anonymous_1)","decl":{"start":{"line":14,"column":35},"end":{"line":14,"column":40}},"loc":{"start":{"line":15,"column":10},"end":{"line":15,"column":null}},"line":15}},"branchMap":{},"s":{"0":10,"1":3},"f":{"0":10,"1":3},"b":{},"meta":{"lastBranch":0,"lastFunction":2,"lastStatement":2,"seen":{"f:11:2:11:11":0,"s:12:4:17:Infinity":0,"f:14:35:14:40":1,"s:15:10:15:Infinity":1}}}
,"C:\\Users\\1\\REACT-RSSCHOOL_STUDY\\projects\\unit-testing\\rss-react\\src\\entities\\character\\ui\\index.ts": {"path":"C:\\Users\\1\\REACT-RSSCHOOL_STUDY\\projects\\unit-testing\\rss-react\\src\\entities\\character\\ui\\index.ts","statementMap":{},"fnMap":{},"branchMap":{},"s":{},"f":{},"b":{},"meta":{"lastBranch":0,"lastFunction":0,"lastStatement":0,"seen":{}}}
,"C:\\Users\\1\\REACT-RSSCHOOL_STUDY\\projects\\unit-testing\\rss-react\\src\\features\\error-view-toggle\\index.ts": {"path":"C:\\Users\\1\\REACT-RSSCHOOL_STUDY\\projects\\unit-testing\\rss-react\\src\\features\\error-view-toggle\\index.ts","statementMap":{},"fnMap":{},"branchMap":{},"s":{},"f":{},"b":{},"meta":{"lastBranch":0,"lastFunction":0,"lastStatement":0,"seen":{}}}
,"C:\\Users\\1\\REACT-RSSCHOOL_STUDY\\projects\\unit-testing\\rss-react\\src\\features\\error-view-toggle\\ui\\ErrorViewButton.tsx": {"path":"C:\\Users\\1\\REACT-RSSCHOOL_STUDY\\projects\\unit-testing\\rss-react\\src\\features\\error-view-toggle\\ui\\ErrorViewButton.tsx","statementMap":{"0":{"start":{"line":10,"column":4},"end":{"line":13,"column":null}}},"fnMap":{"0":{"name":"(anonymous_0)","decl":{"start":{"line":9,"column":2},"end":{"line":9,"column":11}},"loc":{"start":{"line":9,"column":11},"end":{"line":13,"column":null}},"line":9}},"branchMap":{},"s":{"0":27},"f":{"0":27},"b":{},"meta":{"lastBranch":0,"lastFunction":1,"lastStatement":1,"seen":{"f:9:2:9:11":0,"s:10:4:13:Infinity":0}}}
,"C:\\Users\\1\\REACT-RSSCHOOL_STUDY\\projects\\unit-testing\\rss-react\\src\\features\\search-character\\index.tsx": {"path":"C:\\Users\\1\\REACT-RSSCHOOL_STUDY\\projects\\unit-testing\\rss-react\\src\\features\\search-character\\index.tsx","statementMap":{},"fnMap":{},"branchMap":{},"s":{},"f":{},"b":{},"meta":{"lastBranch":0,"lastFunction":0,"lastStatement":0,"seen":{}}}
,"C:\\Users\\1\\REACT-RSSCHOOL_STUDY\\projects\\unit-testing\\rss-react\\src\\features\\search-character\\lib\\MapResultToState.ts": {"path":"C:\\Users\\1\\REACT-RSSCHOOL_STUDY\\projects\\unit-testing\\rss-react\\src\\features\\search-character\\lib\\MapResultToState.ts","statementMap":{"0":{"start":{"line":3,"column":15},"end":{"line":6,"column":null}},"1":{"start":{"line":9,"column":20},"end":{"line":10,"column":null}},"2":{"start":{"line":13,"column":2},"end":{"line":18,"column":null}},"3":{"start":{"line":14,"column":4},"end":{"line":18,"column":null}},"4":{"start":{"line":21,"column":2},"end":{"line":26,"column":null}},"5":{"start":{"line":22,"column":4},"end":{"line":26,"column":null}},"6":{"start":{"line":29,"column":2},"end":{"line":34,"column":null}},"7":{"start":{"line":30,"column":4},"end":{"line":34,"column":null}},"8":{"start":{"line":37,"column":2},"end":{"line":41,"column":null}}},"fnMap":{"0":{"name":"mapResultToState","decl":{"start":{"line":8,"column":24},"end":{"line":8,"column":41}},"loc":{"start":{"line":8,"column":63},"end":{"line":41,"column":null}},"line":8}},"branchMap":{"0":{"loc":{"start":{"line":13,"column":2},"end":{"line":18,"column":null}},"type":"if","locations":[{"start":{"line":13,"column":2},"end":{"line":18,"column":null}},{"start":{},"end":{}}],"line":13},"1":{"loc":{"start":{"line":21,"column":2},"end":{"line":26,"column":null}},"type":"if","locations":[{"start":{"line":21,"column":2},"end":{"line":26,"column":null}},{"start":{},"end":{}}],"line":21},"2":{"loc":{"start":{"line":29,"column":2},"end":{"line":34,"column":null}},"type":"if","locations":[{"start":{"line":29,"column":2},"end":{"line":34,"column":null}},{"start":{},"end":{}}],"line":29}},"s":{"0":4,"1":10,"2":10,"3":6,"4":4,"5":2,"6":2,"7":2,"8":0},"f":{"0":10},"b":{"0":[6,4],"1":[2,2],"2":[2,0]},"meta":{"lastBranch":3,"lastFunction":1,"lastStatement":9,"seen":{"s:3:15:6:Infinity":0,"f:8:24:8:41":0,"s:9:20:10:Infinity":1,"b:13:2:18:Infinity:undefined:undefined:undefined:undefined":0,"s:13:2:18:Infinity":2,"s:14:4:18:Infinity":3,"b:21:2:26:Infinity:undefined:undefined:undefined:undefined":1,"s:21:2:26:Infinity":4,"s:22:4:26:Infinity":5,"b:29:2:34:Infinity:undefined:undefined:undefined:undefined":2,"s:29:2:34:Infinity":6,"s:30:4:34:Infinity":7,"s:37:2:41:Infinity":8}}}
,"C:\\Users\\1\\REACT-RSSCHOOL_STUDY\\projects\\unit-testing\\rss-react\\src\\features\\search-character\\model\\SearchCharacter.ts": {"path":"C:\\Users\\1\\REACT-RSSCHOOL_STUDY\\projects\\unit-testing\\rss-react\\src\\features\\search-character\\model\\SearchCharacter.ts","statementMap":{"0":{"start":{"line":4,"column":20},"end":{"line":4,"column":null}},"1":{"start":{"line":6,"column":22},"end":{"line":6,"column":null}},"2":{"start":{"line":7,"column":30},"end":{"line":7,"column":32}},"3":{"start":{"line":9,"column":36},"end":{"line":37,"column":null}},"4":{"start":{"line":11,"column":4},"end":{"line":11,"column":null}},"5":{"start":{"line":15,"column":4},"end":{"line":16,"column":null}},"6":{"start":{"line":16,"column":6},"end":{"line":16,"column":null}},"7":{"start":{"line":19,"column":4},"end":{"line":19,"column":null}},"8":{"start":{"line":21,"column":4},"end":{"line":21,"column":null}},"9":{"start":{"line":23,"column":4},"end":{"line":34,"column":null}},"10":{"start":{"line":24,"column":21},"end":{"line":24,"column":47}},"11":{"start":{"line":26,"column":6},"end":{"line":27,"column":null}},"12":{"start":{"line":27,"column":8},"end":{"line":27,"column":null}},"13":{"start":{"line":30,"column":6},"end":{"line":30,"column":null}},"14":{"start":{"line":32,"column":6},"end":{"line":32,"column":null}},"15":{"start":{"line":34,"column":6},"end":{"line":34,"column":null}}},"fnMap":{"0":{"name":"(anonymous_0)","decl":{"start":{"line":10,"column":2},"end":{"line":10,"column":26}},"loc":{"start":{"line":10,"column":26},"end":{"line":11,"column":null}},"line":10},"1":{"name":"(anonymous_1)","decl":{"start":{"line":14,"column":8},"end":{"line":14,"column":15}},"loc":{"start":{"line":14,"column":53},"end":{"line":34,"column":null}},"line":14}},"branchMap":{"0":{"loc":{"start":{"line":11,"column":11},"end":{"line":11,"column":null}},"type":"binary-expr","locations":[{"start":{"line":11,"column":11},"end":{"line":11,"column":44}},{"start":{"line":11,"column":48},"end":{"line":11,"column":null}}],"line":11},"1":{"loc":{"start":{"line":15,"column":4},"end":{"line":16,"column":null}},"type":"if","locations":[{"start":{"line":15,"column":4},"end":{"line":16,"column":null}},{"start":{},"end":{}}],"line":15},"2":{"loc":{"start":{"line":15,"column":8},"end":{"line":15,"column":60}},"type":"binary-expr","locations":[{"start":{"line":15,"column":8},"end":{"line":15,"column":37}},{"start":{"line":15,"column":37},"end":{"line":15,"column":60}}],"line":15},"3":{"loc":{"start":{"line":26,"column":6},"end":{"line":27,"column":null}},"type":"if","locations":[{"start":{"line":26,"column":6},"end":{"line":27,"column":null}},{"start":{},"end":{}}],"line":26}},"s":{"0":4,"1":4,"2":4,"3":4,"4":3,"5":6,"6":1,"7":5,"8":5,"9":5,"10":5,"11":5,"12":4,"13":1,"14":1,"15":0},"f":{"0":3,"1":6},"b":{"0":[3,2],"1":[1,5],"2":[6,2],"3":[4,1]},"meta":{"lastBranch":4,"lastFunction":2,"lastStatement":16,"seen":{"s:4:20:4:Infinity":0,"s:6:22:6:Infinity":1,"s:7:30:7:32":2,"s:9:36:37:Infinity":3,"f:10:2:10:26":0,"s:11:4:11:Infinity":4,"b:11:11:11:44:11:48:11:Infinity":0,"f:14:8:14:15":1,"b:15:4:16:Infinity:undefined:undefined:undefined:undefined":1,"s:15:4:16:Infinity":5,"b:15:8:15:37:15:37:15:60":2,"s:16:6:16:Infinity":6,"s:19:4:19:Infinity":7,"s:21:4:21:Infinity":8,"s:23:4:34:Infinity":9,"s:24:21:24:47":10,"b:26:6:27:Infinity:undefined:undefined:undefined:undefined":3,"s:26:6:27:Infinity":11,"s:27:8:27:Infinity":12,"s:30:6:30:Infinity":13,"s:32:6:32:Infinity":14,"s:34:6:34:Infinity":15}}}
,"C:\\Users\\1\\REACT-RSSCHOOL_STUDY\\projects\\unit-testing\\rss-react\\src\\features\\search-character\\model\\types.ts": {"path":"C:\\Users\\1\\REACT-RSSCHOOL_STUDY\\projects\\unit-testing\\rss-react\\src\\features\\search-character\\model\\types.ts","statementMap":{},"fnMap":{},"branchMap":{},"s":{},"f":{},"b":{},"meta":{"lastBranch":0,"lastFunction":0,"lastStatement":0,"seen":{}}}
,"C:\\Users\\1\\REACT-RSSCHOOL_STUDY\\projects\\unit-testing\\rss-react\\src\\features\\search-character\\ui\\SearchBar.tsx": {"path":"C:\\Users\\1\\REACT-RSSCHOOL_STUDY\\projects\\unit-testing\\rss-react\\src\\features\\search-character\\ui\\SearchBar.tsx","statementMap":{"0":{"start":{"line":13,"column":4},"end":{"line":23,"column":null}}},"fnMap":{"0":{"name":"(anonymous_0)","decl":{"start":{"line":12,"column":2},"end":{"line":12,"column":11}},"loc":{"start":{"line":12,"column":11},"end":{"line":23,"column":null}},"line":12}},"branchMap":{},"s":{"0":30},"f":{"0":30},"b":{},"meta":{"lastBranch":0,"lastFunction":1,"lastStatement":1,"seen":{"f:12:2:12:11":0,"s:13:4:23:Infinity":0}}}
,"C:\\Users\\1\\REACT-RSSCHOOL_STUDY\\projects\\unit-testing\\rss-react\\src\\features\\search-character\\ui\\SearchContent.tsx": {"path":"C:\\Users\\1\\REACT-RSSCHOOL_STUDY\\projects\\unit-testing\\rss-react\\src\\features\\search-character\\ui\\SearchContent.tsx","statementMap":{"0":{"start":{"line":14,"column":4},"end":{"line":15,"column":null}},"1":{"start":{"line":15,"column":6},"end":{"line":15,"column":null}},"2":{"start":{"line":18,"column":4},"end":{"line":19,"column":null}},"3":{"start":{"line":19,"column":6},"end":{"line":19,"column":null}},"4":{"start":{"line":22,"column":4},"end":{"line":22,"column":null}}},"fnMap":{"0":{"name":"(anonymous_0)","decl":{"start":{"line":13,"column":2},"end":{"line":13,"column":11}},"loc":{"start":{"line":13,"column":11},"end":{"line":22,"column":null}},"line":13}},"branchMap":{"0":{"loc":{"start":{"line":14,"column":4},"end":{"line":15,"column":null}},"type":"if","locations":[{"start":{"line":14,"column":4},"end":{"line":15,"column":null}},{"start":{},"end":{}}],"line":14},"1":{"loc":{"start":{"line":18,"column":4},"end":{"line":19,"column":null}},"type":"if","locations":[{"start":{"line":18,"column":4},"end":{"line":19,"column":null}},{"start":{},"end":{}}],"line":18}},"s":{"0":27,"1":9,"2":18,"3":9,"4":9},"f":{"0":27},"b":{"0":[9,18],"1":[9,9]},"meta":{"lastBranch":2,"lastFunction":1,"lastStatement":5,"seen":{"f:13:2:13:11":0,"b:14:4:15:Infinity:undefined:undefined:undefined:undefined":0,"s:14:4:15:Infinity":0,"s:15:6:15:Infinity":1,"b:18:4:19:Infinity:undefined:undefined:undefined:undefined":1,"s:18:4:19:Infinity":2,"s:19:6:19:Infinity":3,"s:22:4:22:Infinity":4}}}
,"C:\\Users\\1\\REACT-RSSCHOOL_STUDY\\projects\\unit-testing\\rss-react\\src\\features\\search-character\\ui\\index.tsx": {"path":"C:\\Users\\1\\REACT-RSSCHOOL_STUDY\\projects\\unit-testing\\rss-react\\src\\features\\search-character\\ui\\index.tsx","statementMap":{},"fnMap":{},"branchMap":{},"s":{},"f":{},"b":{},"meta":{"lastBranch":0,"lastFunction":0,"lastStatement":0,"seen":{}}}
,"C:\\Users\\1\\REACT-RSSCHOOL_STUDY\\projects\\unit-testing\\rss-react\\src\\pages\\search-page\\index.tsx": {"path":"C:\\Users\\1\\REACT-RSSCHOOL_STUDY\\projects\\unit-testing\\rss-react\\src\\pages\\search-page\\index.tsx","statementMap":{},"fnMap":{},"branchMap":{},"s":{},"f":{},"b":{},"meta":{"lastBranch":0,"lastFunction":0,"lastStatement":0,"seen":{}}}
,"C:\\Users\\1\\REACT-RSSCHOOL_STUDY\\projects\\unit-testing\\rss-react\\src\\pages\\search-page\\ui\\SearchPage.tsx": {"path":"C:\\Users\\1\\REACT-RSSCHOOL_STUDY\\projects\\unit-testing\\rss-react\\src\\pages\\search-page\\ui\\SearchPage.tsx","statementMap":{"0":{"start":{"line":4,"column":2},"end":{"line":4,"column":null}}},"fnMap":{"0":{"name":"SearchPage","decl":{"start":{"line":3,"column":24},"end":{"line":3,"column":37}},"loc":{"start":{"line":3,"column":37},"end":{"line":4,"column":null}},"line":3}},"branchMap":{},"s":{"0":0},"f":{"0":0},"b":{},"meta":{"lastBranch":0,"lastFunction":1,"lastStatement":1,"seen":{"f:3:24:3:37":0,"s:4:2:4:Infinity":0}}}
,"C:\\Users\\1\\REACT-RSSCHOOL_STUDY\\projects\\unit-testing\\rss-react\\src\\shared\\ui\\error-component\\ErrorComponent.tsx": {"path":"C:\\Users\\1\\REACT-RSSCHOOL_STUDY\\projects\\unit-testing\\rss-react\\src\\shared\\ui\\error-component\\ErrorComponent.tsx","statementMap":{"0":{"start":{"line":6,"column":4},"end":{"line":14,"column":null}},"1":{"start":{"line":11,"column":25},"end":{"line":11,"column":53}}},"fnMap":{"0":{"name":"(anonymous_0)","decl":{"start":{"line":5,"column":2},"end":{"line":5,"column":11}},"loc":{"start":{"line":5,"column":11},"end":{"line":14,"column":null}},"line":5},"1":{"name":"(anonymous_1)","decl":{"start":{"line":11,"column":10},"end":{"line":11,"column":25}},"loc":{"start":{"line":11,"column":25},"end":{"line":11,"column":53}},"line":11}},"branchMap":{},"s":{"0":2,"1":0},"f":{"0":2,"1":0},"b":{},"meta":{"lastBranch":0,"lastFunction":2,"lastStatement":2,"seen":{"f:5:2:5:11":0,"s:6:4:14:Infinity":0,"f:11:10:11:25":1,"s:11:25:11:53":1}}}
,"C:\\Users\\1\\REACT-RSSCHOOL_STUDY\\projects\\unit-testing\\rss-react\\src\\shared\\ui\\error-component\\index.ts": {"path":"C:\\Users\\1\\REACT-RSSCHOOL_STUDY\\projects\\unit-testing\\rss-react\\src\\shared\\ui\\error-component\\index.ts","statementMap":{},"fnMap":{},"branchMap":{},"s":{},"f":{},"b":{},"meta":{"lastBranch":0,"lastFunction":0,"lastStatement":0,"seen":{}}}
,"C:\\Users\\1\\REACT-RSSCHOOL_STUDY\\projects\\unit-testing\\rss-react\\src\\shared\\ui\\spinner\\LoadingSpinner.tsx": {"path":"C:\\Users\\1\\REACT-RSSCHOOL_STUDY\\projects\\unit-testing\\rss-react\\src\\shared\\ui\\spinner\\LoadingSpinner.tsx","statementMap":{"0":{"start":{"line":6,"column":4},"end":{"line":6,"column":null}}},"fnMap":{"0":{"name":"(anonymous_0)","decl":{"start":{"line":5,"column":2},"end":{"line":5,"column":11}},"loc":{"start":{"line":5,"column":11},"end":{"line":6,"column":null}},"line":5}},"branchMap":{},"s":{"0":10},"f":{"0":10},"b":{},"meta":{"lastBranch":0,"lastFunction":1,"lastStatement":1,"seen":{"f:5:2:5:11":0,"s:6:4:6:Infinity":0}}}
,"C:\\Users\\1\\REACT-RSSCHOOL_STUDY\\projects\\unit-testing\\rss-react\\src\\shared\\ui\\spinner\\index.ts": {"path":"C:\\Users\\1\\REACT-RSSCHOOL_STUDY\\projects\\unit-testing\\rss-react\\src\\shared\\ui\\spinner\\index.ts","statementMap":{},"fnMap":{},"branchMap":{},"s":{},"f":{},"b":{},"meta":{"lastBranch":0,"lastFunction":0,"lastStatement":0,"seen":{}}}
,"C:\\Users\\1\\REACT-RSSCHOOL_STUDY\\projects\\unit-testing\\rss-react\\src\\widgets\\search-character\\index.tsx": {"path":"C:\\Users\\1\\REACT-RSSCHOOL_STUDY\\projects\\unit-testing\\rss-react\\src\\widgets\\search-character\\index.tsx","statementMap":{},"fnMap":{},"branchMap":{},"s":{},"f":{},"b":{},"meta":{"lastBranch":0,"lastFunction":0,"lastStatement":0,"seen":{}}}
,"C:\\Users\\1\\REACT-RSSCHOOL_STUDY\\projects\\unit-testing\\rss-react\\src\\widgets\\search-character\\ui\\SearchCharacterWidget.tsx": {"path":"C:\\Users\\1\\REACT-RSSCHOOL_STUDY\\projects\\unit-testing\\rss-react\\src\\widgets\\search-character\\ui\\SearchCharacterWidget.tsx","statementMap":{"0":{"start":{"line":20,"column":17},"end":{"line":26,"column":null}},"1":{"start":{"line":32,"column":2},"end":{"line":33,"column":null}},"2":{"start":{"line":36,"column":17},"end":{"line":43,"column":null}},"3":{"start":{"line":46,"column":2},"end":{"line":47,"column":null}},"4":{"start":{"line":29,"column":4},"end":{"line":29,"column":null}},"5":{"start":{"line":33,"column":4},"end":{"line":33,"column":null}},"6":{"start":{"line":37,"column":20},"end":{"line":37,"column":43}},"7":{"start":{"line":39,"column":4},"end":{"line":39,"column":null}},"8":{"start":{"line":41,"column":19},"end":{"line":41,"column":61}},"9":{"start":{"line":43,"column":4},"end":{"line":43,"column":null}},"10":{"start":{"line":47,"column":4},"end":{"line":47,"column":null}},"11":{"start":{"line":51,"column":4},"end":{"line":52,"column":null}},"12":{"start":{"line":52,"column":6},"end":{"line":52,"column":null}},"13":{"start":{"line":55,"column":4},"end":{"line":73,"column":null}}},"fnMap":{"0":{"name":"(anonymous_0)","decl":{"start":{"line":28,"column":8},"end":{"line":28,"column":28}},"loc":{"start":{"line":28,"column":28},"end":{"line":29,"column":null}},"line":28},"1":{"name":"(anonymous_1)","decl":{"start":{"line":32,"column":2},"end":{"line":32,"column":18}},"loc":{"start":{"line":32,"column":59},"end":{"line":33,"column":null}},"line":32},"2":{"name":"(anonymous_2)","decl":{"start":{"line":36,"column":17},"end":{"line":36,"column":29}},"loc":{"start":{"line":36,"column":29},"end":{"line":43,"column":null}},"line":36},"3":{"name":"(anonymous_3)","decl":{"start":{"line":46,"column":2},"end":{"line":46,"column":26}},"loc":{"start":{"line":46,"column":26},"end":{"line":47,"column":null}},"line":46},"4":{"name":"(anonymous_4)","decl":{"start":{"line":50,"column":2},"end":{"line":50,"column":11}},"loc":{"start":{"line":50,"column":11},"end":{"line":73,"column":null}},"line":50}},"branchMap":{"0":{"loc":{"start":{"line":51,"column":4},"end":{"line":52,"column":null}},"type":"if","locations":[{"start":{"line":51,"column":4},"end":{"line":52,"column":null}},{"start":{},"end":{}}],"line":51}},"s":{"0":8,"1":5,"2":9,"3":1,"4":8,"5":5,"6":9,"7":9,"8":9,"9":7,"10":1,"11":29,"12":2,"13":27},"f":{"0":8,"1":5,"2":9,"3":1,"4":29},"b":{"0":[2,27]},"meta":{"lastBranch":1,"lastFunction":5,"lastStatement":14,"seen":{"s:20:17:26:Infinity":0,"s:32:2:33:Infinity":1,"s:36:17:43:Infinity":2,"s:46:2:47:Infinity":3,"f:28:8:28:28":0,"s:29:4:29:Infinity":4,"f:32:2:32:18":1,"s:33:4:33:Infinity":5,"f:36:17:36:29":2,"s:37:20:37:43":6,"s:39:4:39:Infinity":7,"s:41:19:41:61":8,"s:43:4:43:Infinity":9,"f:46:2:46:26":3,"s:47:4:47:Infinity":10,"f:50:2:50:11":4,"b:51:4:52:Infinity:undefined:undefined:undefined:undefined":0,"s:51:4:52:Infinity":11,"s:52:6:52:Infinity":12,"s:55:4:73:Infinity":13}}}
}
